<!DOCTYPE html>
<html>
  <head>
    <meta charset="utf-8"/>
    <title>reports.html</title>
    <link href="assets/style.css" rel="stylesheet" type="text/css"/></head>
  <body onLoad="init()">
    <script>/* This Source Code Form is subject to the terms of the Mozilla Public
 * License, v. 2.0. If a copy of the MPL was not distributed with this file,
 * You can obtain one at http://mozilla.org/MPL/2.0/. */


function toArray(iter) {
    if (iter === null) {
        return null;
    }
    return Array.prototype.slice.call(iter);
}

function find(selector, elem) { // eslint-disable-line no-redeclare
    if (!elem) {
        elem = document;
    }
    return elem.querySelector(selector);
}

function findAll(selector, elem) {
    if (!elem) {
        elem = document;
    }
    return toArray(elem.querySelectorAll(selector));
}

function sortColumn(elem) {
    toggleSortStates(elem);
    const colIndex = toArray(elem.parentNode.childNodes).indexOf(elem);
    let key;
    if (elem.classList.contains('result')) {
        key = keyResult;
    } else if (elem.classList.contains('links')) {
        key = keyLink;
    } else {
        key = keyAlpha;
    }
    sortTable(elem, key(colIndex));
}

function showAllExtras() { // eslint-disable-line no-unused-vars
    findAll('.col-result').forEach(showExtras);
}

function hideAllExtras() { // eslint-disable-line no-unused-vars
    findAll('.col-result').forEach(hideExtras);
}

function showExtras(colresultElem) {
    const extras = colresultElem.parentNode.nextElementSibling;
    const expandcollapse = colresultElem.firstElementChild;
    extras.classList.remove('collapsed');
    expandcollapse.classList.remove('expander');
    expandcollapse.classList.add('collapser');
}

function hideExtras(colresultElem) {
    const extras = colresultElem.parentNode.nextElementSibling;
    const expandcollapse = colresultElem.firstElementChild;
    extras.classList.add('collapsed');
    expandcollapse.classList.remove('collapser');
    expandcollapse.classList.add('expander');
}

function showFilters() {
    let visibleString = getQueryParameter('visible') || 'all';
    visibleString = visibleString.toLowerCase();
    const checkedItems = visibleString.split(',');

    const filterItems = document.getElementsByClassName('filter');
    for (let i = 0; i < filterItems.length; i++) {
        filterItems[i].hidden = false;

        if (visibleString != 'all') {
            filterItems[i].checked = checkedItems.includes(filterItems[i].getAttribute('data-test-result'));
            filterTable(filterItems[i]);
        }
    }
}

function addCollapse() {
    // Add links for show/hide all
    const resulttable = find('table#results-table');
    const showhideall = document.createElement('p');
    showhideall.innerHTML = '<a href="javascript:showAllExtras()">Show all details</a> / ' +
                            '<a href="javascript:hideAllExtras()">Hide all details</a>';
    resulttable.parentElement.insertBefore(showhideall, resulttable);

    // Add show/hide link to each result
    findAll('.col-result').forEach(function(elem) {
        const collapsed = getQueryParameter('collapsed') || 'Passed';
        const extras = elem.parentNode.nextElementSibling;
        const expandcollapse = document.createElement('span');
        if (extras.classList.contains('collapsed')) {
            expandcollapse.classList.add('expander');
        } else if (collapsed.includes(elem.innerHTML)) {
            extras.classList.add('collapsed');
            expandcollapse.classList.add('expander');
        } else {
            expandcollapse.classList.add('collapser');
        }
        elem.appendChild(expandcollapse);

        elem.addEventListener('click', function(event) {
            if (event.currentTarget.parentNode.nextElementSibling.classList.contains('collapsed')) {
                showExtras(event.currentTarget);
            } else {
                hideExtras(event.currentTarget);
            }
        });
    });
}

function getQueryParameter(name) {
    const match = RegExp('[?&]' + name + '=([^&]*)').exec(window.location.search);
    return match && decodeURIComponent(match[1].replace(/\+/g, ' '));
}

function init () { // eslint-disable-line no-unused-vars
    resetSortHeaders();

    addCollapse();

    showFilters();

    sortColumn(find('.initial-sort'));

    findAll('.sortable').forEach(function(elem) {
        elem.addEventListener('click',
            function() {
                sortColumn(elem);
            }, false);
    });
}

function sortTable(clicked, keyFunc) {
    const rows = findAll('.results-table-row');
    const reversed = !clicked.classList.contains('asc');
    const sortedRows = sort(rows, keyFunc, reversed);
    /* Whole table is removed here because browsers acts much slower
     * when appending existing elements.
     */
    const thead = document.getElementById('results-table-head');
    document.getElementById('results-table').remove();
    const parent = document.createElement('table');
    parent.id = 'results-table';
    parent.appendChild(thead);
    sortedRows.forEach(function(elem) {
        parent.appendChild(elem);
    });
    document.getElementsByTagName('BODY')[0].appendChild(parent);
}

function sort(items, keyFunc, reversed) {
    const sortArray = items.map(function(item, i) {
        return [keyFunc(item), i];
    });

    sortArray.sort(function(a, b) {
        const keyA = a[0];
        const keyB = b[0];

        if (keyA == keyB) return 0;

        if (reversed) {
            return keyA < keyB ? 1 : -1;
        } else {
            return keyA > keyB ? 1 : -1;
        }
    });

    return sortArray.map(function(item) {
        const index = item[1];
        return items[index];
    });
}

function keyAlpha(colIndex) {
    return function(elem) {
        return elem.childNodes[1].childNodes[colIndex].firstChild.data.toLowerCase();
    };
}

function keyLink(colIndex) {
    return function(elem) {
        const dataCell = elem.childNodes[1].childNodes[colIndex].firstChild;
        return dataCell == null ? '' : dataCell.innerText.toLowerCase();
    };
}

function keyResult(colIndex) {
    return function(elem) {
        const strings = ['Error', 'Failed', 'Rerun', 'XFailed', 'XPassed',
            'Skipped', 'Passed'];
        return strings.indexOf(elem.childNodes[1].childNodes[colIndex].firstChild.data);
    };
}

function resetSortHeaders() {
    findAll('.sort-icon').forEach(function(elem) {
        elem.parentNode.removeChild(elem);
    });
    findAll('.sortable').forEach(function(elem) {
        const icon = document.createElement('div');
        icon.className = 'sort-icon';
        icon.textContent = 'vvv';
        elem.insertBefore(icon, elem.firstChild);
        elem.classList.remove('desc', 'active');
        elem.classList.add('asc', 'inactive');
    });
}

function toggleSortStates(elem) {
    //if active, toggle between asc and desc
    if (elem.classList.contains('active')) {
        elem.classList.toggle('asc');
        elem.classList.toggle('desc');
    }

    //if inactive, reset all other functions and add ascending active
    if (elem.classList.contains('inactive')) {
        resetSortHeaders();
        elem.classList.remove('inactive');
        elem.classList.add('active');
    }
}

function isAllRowsHidden(value) {
    return value.hidden == false;
}

function filterTable(elem) { // eslint-disable-line no-unused-vars
    const outcomeAtt = 'data-test-result';
    const outcome = elem.getAttribute(outcomeAtt);
    const classOutcome = outcome + ' results-table-row';
    const outcomeRows = document.getElementsByClassName(classOutcome);

    for(let i = 0; i < outcomeRows.length; i++){
        outcomeRows[i].hidden = !elem.checked;
    }

    const rows = findAll('.results-table-row').filter(isAllRowsHidden);
    const allRowsHidden = rows.length == 0 ? true : false;
    const notFoundMessage = document.getElementById('not-found-message');
    notFoundMessage.hidden = !allRowsHidden;
}
</script>
    <h1>reports.html</h1>
    <p>Report generated on 28-Feb-2023 at 09:55:13 by <a href="https://pypi.python.org/pypi/pytest-html">pytest-html</a> v3.2.0</p>
    <h2>Environment</h2>
    <table id="environment">
      <tr>
        <td>BUILD_ID</td>
        <td>30</td></tr>
      <tr>
        <td>BUILD_NUMBER</td>
        <td>30</td></tr>
      <tr>
        <td>BUILD_TAG</td>
        <td>jenkins-SalesChatApplication-30</td></tr>
      <tr>
        <td>BUILD_URL</td>
        <td><a href="http://localhost:8080/job/SalesChatApplication/30/" target="_blank">http://localhost:8080/job/SalesChatApplication/30/</a></td></tr>
      <tr>
        <td>CI</td>
        <td>true</td></tr>
      <tr>
        <td>EXECUTOR_NUMBER</td>
        <td>0</td></tr>
      <tr>
        <td>JENKINS_URL</td>
        <td><a href="http://localhost:8080/" target="_blank">http://localhost:8080/</a></td></tr>
      <tr>
        <td>JOB_NAME</td>
        <td>SalesChatApplication</td></tr>
      <tr>
        <td>NODE_NAME</td>
        <td>built-in</td></tr>
      <tr>
        <td>Packages</td>
        <td>{"pluggy": "1.0.0", "pytest": "7.2.0"}</td></tr>
      <tr>
        <td>Platform</td>
        <td>Windows-10-10.0.19044-SP0</td></tr>
      <tr>
        <td>Plugins</td>
        <td>{"html": "3.2.0", "metadata": "2.0.4"}</td></tr>
      <tr>
        <td>Python</td>
        <td>3.11.1</td></tr>
      <tr>
        <td>WORKSPACE</td>
        <td>C:\Users\rajku-sa\PycharmProjects\SalesChatAutomation</td></tr></table>
    <h2>Summary</h2>
    <p>8 tests ran in 62.73 seconds. </p>
    <p class="filter" hidden="true">(Un)check the boxes to filter the results.</p><input checked="true" class="filter" data-test-result="passed" disabled="true" hidden="true" name="filter_checkbox" onChange="filterTable(this)" type="checkbox"/><span class="passed">0 passed</span>, <input checked="true" class="filter" data-test-result="skipped" disabled="true" hidden="true" name="filter_checkbox" onChange="filterTable(this)" type="checkbox"/><span class="skipped">0 skipped</span>, <input checked="true" class="filter" data-test-result="failed" hidden="true" name="filter_checkbox" onChange="filterTable(this)" type="checkbox"/><span class="failed">8 failed</span>, <input checked="true" class="filter" data-test-result="error" disabled="true" hidden="true" name="filter_checkbox" onChange="filterTable(this)" type="checkbox"/><span class="error">0 errors</span>, <input checked="true" class="filter" data-test-result="xfailed" disabled="true" hidden="true" name="filter_checkbox" onChange="filterTable(this)" type="checkbox"/><span class="xfailed">0 expected failures</span>, <input checked="true" class="filter" data-test-result="xpassed" disabled="true" hidden="true" name="filter_checkbox" onChange="filterTable(this)" type="checkbox"/><span class="xpassed">0 unexpected passes</span>
    <h2>Results</h2>
    <table id="results-table">
      <thead id="results-table-head">
        <tr>
          <th class="sortable result initial-sort" col="result">Result</th>
          <th class="sortable" col="name">Test</th>
          <th class="sortable" col="duration">Duration</th>
          <th class="sortable links" col="links">Links</th></tr>
        <tr hidden="true" id="not-found-message">
          <th colspan="4">No results found. Try to check the filters</th></tr></thead>
      <tbody class="failed results-table-row">
        <tr>
          <td class="col-result">Failed</td>
          <td class="col-name">test_BusinessHours.py::TestBusinessHours::test_BusinessHoursPage[getData0]</td>
          <td class="col-duration">6.52</td>
          <td class="col-links"></td></tr>
        <tr>
          <td class="extra" colspan="4">
            <div><div><img src="C:/Users/rajku-sa/PycharmProjects/SalesChatAutomation/Screenshots/test_BusinessHours.py_TestBusinessHours_test_BusinessHoursPage[getData0].png" alt="screenshot" style="width:304px;height:228px;" onclick="window.open(this.src)" align="right"/></div></div>
            <div class="log">self = &lt;tests.test_BusinessHours.TestBusinessHours object at 0x000001C74541F490&gt;<br/>getData = {&#x27;RegularHours_value&#x27;: &#x27;Everyday&#x27;, &#x27;Timezone_partial_text&#x27;: &#x27;GMT +01:00 Europe/Berlin&#x27;}<br/><br/>    def test_BusinessHoursPage(self, getData):<br/>        businessHoursObject = BusinessHours(self.driver)<br/>    <br/>        if not TestBusinessHours.logged_in:<br/>            loginPageObject = LoginPage(self.driver)<br/>            loginPageObject.loginPageUsername().send_keys(&quot;sandeep2tej@gmail.com&quot;)  # obj.functionName.action<br/>            loginPageObject.loginPagePassword().send_keys(&quot;P@ss1234&quot;)<br/>            loginPageObject.loginPageSubmit().click()<br/>            TestBusinessHours.logged_in = True<br/>    <br/>        businessHoursObject.settingsPagebutton().click()                        # Settings<br/>        businessHoursObject.businessHoursOptionbutton().click()                 # Businesshours<br/>        businessHoursObject.businesshours_Time_Dropdown_Click().click()         # Timestamp dropdown click<br/>        sleep(1)<br/>    <br/>        # Timezone<br/>        Timezone_list = businessHoursObject.businesshours_Time_Dropdown_List()<br/>        print(&quot;The total count of the time-zones are &quot;, len(Timezone_list))<br/>        Timezone_option_element = businessHoursObject.businesshours_Time_Dropdown_Select(getData[&quot;Timezone_partial_text&quot;])<br/>        Timezone_option_element.click()<br/>    <br/>        # RegularHours<br/>        businessHoursObject.businesshours_RegularHours_Dropdown().click()<br/>        # RegularHours_list = businessHoursObject.businesshours_RegularHours_Dropdown_List()<br/>        # print(RegularHours_list)<br/>        # print(&quot;The total count of the Regular hours are &quot;, len(RegularHours_list))<br/>    <br/>        if getData[&quot;RegularHours_value&quot;] == &quot;Everyday&quot;:<br/>            BusinessHours_option = businessHoursObject.businesshours_RegularHours_Dropdown_Select(getData[&quot;RegularHours_value&quot;])<br/>            BusinessHours_option.click()<br/>    <br/>            businessHoursObject.businesshours_RegularHours_EDF1_Dropdown().click()<br/>            RH_Time_1_Select = businessHoursObject.businesshours_RegularHours_EDF1_Dropdown_Select(&#x27;08:00&#x27;)<br/>            ActionChains(self.driver).move_to_element(RH_Time_1_Select).perform()<br/>            RH_Time_1_Select.click()<br/>    <br/>            businessHoursObject.businesshours_RegularHours_EDF2_Dropdown().click()<br/>            RH_Time_2_Select = businessHoursObject.businesshours_RegularHours_EDF2_Dropdown_Select(&#x27;12:00&#x27;)<br/>            ActionChains(self.driver).move_to_element(RH_Time_2_Select).perform()<br/>&gt;           RH_Time_2_Select.click()<br/><br/>test_BusinessHours.py:58: <br/>_ _ _ _ _ _ _ _ _ _ _ _ _ _ _ _ _ _ _ _ _ _ _ _ _ _ _ _ _ _ _ _ _ _ _ _ _ _ _ _<br/>..\..\..\AppData\Local\Programs\Python\Python311\Lib\site-packages\selenium\webdriver\remote\webelement.py:93: in click<br/>    self._execute(Command.CLICK_ELEMENT)<br/>..\..\..\AppData\Local\Programs\Python\Python311\Lib\site-packages\selenium\webdriver\remote\webelement.py:410: in _execute<br/>    return self._parent.execute(command, params)<br/>..\..\..\AppData\Local\Programs\Python\Python311\Lib\site-packages\selenium\webdriver\remote\webdriver.py:444: in execute<br/>    self.error_handler.check_response(response)<br/>_ _ _ _ _ _ _ _ _ _ _ _ _ _ _ _ _ _ _ _ _ _ _ _ _ _ _ _ _ _ _ _ _ _ _ _ _ _ _ _<br/><br/>self = &lt;selenium.webdriver.remote.errorhandler.ErrorHandler object at 0x000001C745453B10&gt;<br/>response = {&#x27;status&#x27;: 404, &#x27;value&#x27;: &#x27;{&quot;value&quot;:{&quot;error&quot;:&quot;stale element reference&quot;,&quot;message&quot;:&quot;stale element reference: element is n...\n\\tRtlGetAppContainerNamedObjectPath [0x76FC7BBE+286]\\n\\tRtlGetAppContainerNamedObjectPath [0x76FC7B8E+238]\\n&quot;}}&#x27;}<br/><br/>    def check_response(self, response: Dict[str, Any]) -&gt; None:<br/>        &quot;&quot;&quot;<br/>        Checks that a JSON response from the WebDriver does not have an error.<br/>    <br/>        :Args:<br/>         - response - The JSON response from the WebDriver server as a dictionary<br/>           object.<br/>    <br/>        :Raises: If the response contains an error message.<br/>        &quot;&quot;&quot;<br/>        status = response.get(&quot;status&quot;, None)<br/>        if not status or status == ErrorCode.SUCCESS:<br/>            return<br/>        value = None<br/>        message = response.get(&quot;message&quot;, &quot;&quot;)<br/>        screen: str = response.get(&quot;screen&quot;, &quot;&quot;)<br/>        stacktrace = None<br/>        if isinstance(status, int):<br/>            value_json = response.get(&quot;value&quot;, None)<br/>            if value_json and isinstance(value_json, str):<br/>                import json<br/>    <br/>                try:<br/>                    value = json.loads(value_json)<br/>                    if len(value.keys()) == 1:<br/>                        value = value[&quot;value&quot;]<br/>                    status = value.get(&quot;error&quot;, None)<br/>                    if not status:<br/>                        status = value.get(&quot;status&quot;, ErrorCode.UNKNOWN_ERROR)<br/>                        message = value.get(&quot;value&quot;) or value.get(&quot;message&quot;)<br/>                        if not isinstance(message, str):<br/>                            value = message<br/>                            message = message.get(&quot;message&quot;)<br/>                    else:<br/>                        message = value.get(&quot;message&quot;, None)<br/>                except ValueError:<br/>                    pass<br/>    <br/>        exception_class: Type[WebDriverException]<br/>        if status in ErrorCode.NO_SUCH_ELEMENT:<br/>            exception_class = NoSuchElementException<br/>        elif status in ErrorCode.NO_SUCH_FRAME:<br/>            exception_class = NoSuchFrameException<br/>        elif status in ErrorCode.NO_SUCH_SHADOW_ROOT:<br/>            exception_class = NoSuchShadowRootException<br/>        elif status in ErrorCode.NO_SUCH_WINDOW:<br/>            exception_class = NoSuchWindowException<br/>        elif status in ErrorCode.STALE_ELEMENT_REFERENCE:<br/>            exception_class = StaleElementReferenceException<br/>        elif status in ErrorCode.ELEMENT_NOT_VISIBLE:<br/>            exception_class = ElementNotVisibleException<br/>        elif status in ErrorCode.INVALID_ELEMENT_STATE:<br/>            exception_class = InvalidElementStateException<br/>        elif (<br/>            status in ErrorCode.INVALID_SELECTOR<br/>            or status in ErrorCode.INVALID_XPATH_SELECTOR<br/>            or status in ErrorCode.INVALID_XPATH_SELECTOR_RETURN_TYPER<br/>        ):<br/>            exception_class = InvalidSelectorException<br/>        elif status in ErrorCode.ELEMENT_IS_NOT_SELECTABLE:<br/>            exception_class = ElementNotSelectableException<br/>        elif status in ErrorCode.ELEMENT_NOT_INTERACTABLE:<br/>            exception_class = ElementNotInteractableException<br/>        elif status in ErrorCode.INVALID_COOKIE_DOMAIN:<br/>            exception_class = InvalidCookieDomainException<br/>        elif status in ErrorCode.UNABLE_TO_SET_COOKIE:<br/>            exception_class = UnableToSetCookieException<br/>        elif status in ErrorCode.TIMEOUT:<br/>            exception_class = TimeoutException<br/>        elif status in ErrorCode.SCRIPT_TIMEOUT:<br/>            exception_class = TimeoutException<br/>        elif status in ErrorCode.UNKNOWN_ERROR:<br/>            exception_class = WebDriverException<br/>        elif status in ErrorCode.UNEXPECTED_ALERT_OPEN:<br/>            exception_class = UnexpectedAlertPresentException<br/>        elif status in ErrorCode.NO_ALERT_OPEN:<br/>            exception_class = NoAlertPresentException<br/>        elif status in ErrorCode.IME_NOT_AVAILABLE:<br/>            exception_class = ImeNotAvailableException<br/>        elif status in ErrorCode.IME_ENGINE_ACTIVATION_FAILED:<br/>            exception_class = ImeActivationFailedException<br/>        elif status in ErrorCode.MOVE_TARGET_OUT_OF_BOUNDS:<br/>            exception_class = MoveTargetOutOfBoundsException<br/>        elif status in ErrorCode.JAVASCRIPT_ERROR:<br/>            exception_class = JavascriptException<br/>        elif status in ErrorCode.SESSION_NOT_CREATED:<br/>            exception_class = SessionNotCreatedException<br/>        elif status in ErrorCode.INVALID_ARGUMENT:<br/>            exception_class = InvalidArgumentException<br/>        elif status in ErrorCode.NO_SUCH_COOKIE:<br/>            exception_class = NoSuchCookieException<br/>        elif status in ErrorCode.UNABLE_TO_CAPTURE_SCREEN:<br/>            exception_class = ScreenshotException<br/>        elif status in ErrorCode.ELEMENT_CLICK_INTERCEPTED:<br/>            exception_class = ElementClickInterceptedException<br/>        elif status in ErrorCode.INSECURE_CERTIFICATE:<br/>            exception_class = InsecureCertificateException<br/>        elif status in ErrorCode.INVALID_COORDINATES:<br/>            exception_class = InvalidCoordinatesException<br/>        elif status in ErrorCode.INVALID_SESSION_ID:<br/>            exception_class = InvalidSessionIdException<br/>        elif status in ErrorCode.UNKNOWN_METHOD:<br/>            exception_class = UnknownMethodException<br/>        else:<br/>            exception_class = WebDriverException<br/>        if not value:<br/>            value = response[&quot;value&quot;]<br/>        if isinstance(value, str):<br/>            raise exception_class(value)<br/>        if message == &quot;&quot; and &quot;message&quot; in value:<br/>            message = value[&quot;message&quot;]<br/>    <br/>        screen = None  # type: ignore[assignment]<br/>        if &quot;screen&quot; in value:<br/>            screen = value[&quot;screen&quot;]<br/>    <br/>        stacktrace = None<br/>        st_value = value.get(&quot;stackTrace&quot;) or value.get(&quot;stacktrace&quot;)<br/>        if st_value:<br/>            if isinstance(st_value, str):<br/>                stacktrace = st_value.split(&quot;\n&quot;)<br/>            else:<br/>                stacktrace = []<br/>                try:<br/>                    for frame in st_value:<br/>                        line = frame.get(&quot;lineNumber&quot;, &quot;&quot;)<br/>                        file = frame.get(&quot;fileName&quot;, &quot;&lt;anonymous&gt;&quot;)<br/>                        if line:<br/>                            file = f&quot;{file}:{line}&quot;<br/>                        meth = frame.get(&quot;methodName&quot;, &quot;&lt;anonymous&gt;&quot;)<br/>                        if &quot;className&quot; in frame:<br/>                            meth = &quot;{}.{}&quot;.format(frame[&quot;className&quot;], meth)<br/>                        msg = &quot;    at %s (%s)&quot;<br/>                        msg = msg % (meth, file)<br/>                        stacktrace.append(msg)<br/>                except TypeError:<br/>                    pass<br/>        if exception_class == UnexpectedAlertPresentException:<br/>            alert_text = None<br/>            if &quot;data&quot; in value:<br/>                alert_text = value[&quot;data&quot;].get(&quot;text&quot;)<br/>            elif &quot;alert&quot; in value:<br/>                alert_text = value[&quot;alert&quot;].get(&quot;text&quot;)<br/>            raise exception_class(message, screen, stacktrace, alert_text)  # type: ignore[call-arg]  # mypy is not smart enough here<br/>&gt;       raise exception_class(message, screen, stacktrace)<br/><span class="error">E       selenium.common.exceptions.StaleElementReferenceException: Message: stale element reference: element is not attached to the page document</span><br/><span class="error">E         (Session info: chrome=110.0.5481.177)</span><br/><span class="error">E       Stacktrace:</span><br/><span class="error">E       Backtrace:</span><br/><span class="error">E       	(No symbol) [0x008337D3]</span><br/><span class="error">E       	(No symbol) [0x007C8B81]</span><br/><span class="error">E       	(No symbol) [0x006CB36D]</span><br/><span class="error">E       	(No symbol) [0x006CE0FB]</span><br/><span class="error">E       	(No symbol) [0x006CDFD0]</span><br/><span class="error">E       	(No symbol) [0x006CE250]</span><br/><span class="error">E       	(No symbol) [0x006FF0C9]</span><br/><span class="error">E       	(No symbol) [0x006F30ED]</span><br/><span class="error">E       	(No symbol) [0x0071B41C]</span><br/><span class="error">E       	(No symbol) [0x006F2B96]</span><br/><span class="error">E       	(No symbol) [0x0071B774]</span><br/><span class="error">E       	(No symbol) [0x00731215]</span><br/><span class="error">E       	(No symbol) [0x0071B216]</span><br/><span class="error">E       	(No symbol) [0x006F0D97]</span><br/><span class="error">E       	(No symbol) [0x006F253D]</span><br/><span class="error">E       	GetHandleVerifier [0x00AAABF2+2510930]</span><br/><span class="error">E       	GetHandleVerifier [0x00AD8EC1+2700065]</span><br/><span class="error">E       	GetHandleVerifier [0x00ADC86C+2714828]</span><br/><span class="error">E       	GetHandleVerifier [0x008E3480+645344]</span><br/><span class="error">E       	(No symbol) [0x007D0FD2]</span><br/><span class="error">E       	(No symbol) [0x007D6C68]</span><br/><span class="error">E       	(No symbol) [0x007D6D4B]</span><br/><span class="error">E       	(No symbol) [0x007E0D6B]</span><br/><span class="error">E       	BaseThreadInitThunk [0x753C00F9+25]</span><br/><span class="error">E       	RtlGetAppContainerNamedObjectPath [0x76FC7BBE+286]</span><br/><span class="error">E       	RtlGetAppContainerNamedObjectPath [0x76FC7B8E+238]</span><br/><br/>..\..\..\AppData\Local\Programs\Python\Python311\Lib\site-packages\selenium\webdriver\remote\errorhandler.py:249: StaleElementReferenceException<br/> ------------------------------Captured stdout call------------------------------ <br/>The total count of the time-zones are  424
<br/></div></td></tr></tbody>
      <tbody class="failed results-table-row">
        <tr>
          <td class="col-result">Failed</td>
          <td class="col-name">test_ChatbotsPage.py::TestChatbotPage::test_ChatbotsPage[getData0]</td>
          <td class="col-duration">13.81</td>
          <td class="col-links"></td></tr>
        <tr>
          <td class="extra" colspan="4">
            <div><div><img src="C:/Users/rajku-sa/PycharmProjects/SalesChatAutomation/Screenshots/test_ChatbotsPage.py_TestChatbotPage_test_ChatbotsPage[getData0].png" alt="screenshot" style="width:304px;height:228px;" onclick="window.open(this.src)" align="right"/></div></div>
            <div class="log">self = &lt;tests.test_ChatbotsPage.TestChatbotPage object at 0x000001C747047610&gt;<br/>getData = {&#x27;Existing_Name&#x27;: &#x27;Testing Emma 1&#x27;, &#x27;Greater_then_80&#x27;: &#x27;123456789012345678901234567890123456789012345678901234567890123456789012345678901&#x27;, &#x27;New_Name&#x27;: &#x27;Testing Emma 4&#x27;, &#x27;Sybmols&#x27;: &quot;@&#x27;@;@£$%&quot;}<br/><br/>    def test_ChatbotsPage(self, getData):<br/>        Chatbot_Object = ChatbotPage(self.driver)<br/>    <br/>        if not TestChatbotPage.logged_in:<br/>            loginPageObject = LoginPage(self.driver)<br/>            loginPageObject.loginPageUsername().send_keys(&quot;sandeep2tej@gmail.com&quot;)  # obj.functionName.action<br/>            loginPageObject.loginPagePassword().send_keys(&quot;P@ss1234&quot;)<br/>            loginPageObject.loginPageSubmit().click()<br/>            TestChatbotPage.logged_in = True<br/>    <br/>        Chatbot_Object.ChatbotPage_button().click()<br/>    <br/>        &quot;&quot;&quot;<br/>        # Check Existing Name ---------------------------------------------------------------------<br/>        Chatbot_Object.NewChatbot_button().click()<br/>        Chatbot_Object.Enter_chatbot_name().send_keys(getData[&quot;Existing_Name&quot;])<br/>        sleep(1)<br/>        Char_count = Chatbot_Object.Character_Count().text<br/>        try:<br/>            assert int(Char_count) == len(getData[&quot;Existing_Name&quot;])<br/>        except:<br/>            print(&quot;Character count MISS-MATCH in Existing_Name&quot;)<br/>    <br/>        try:<br/>            SameName_Check = Chatbot_Object.Check_Name_existsORnot().text<br/>            assert SameName_Check.strip() == &#x27;This Name already exists. Enter a new one&#x27;<br/>        except:<br/>            print(&quot;Miss-match: This Name already exists&quot;)<br/>    <br/>        Chatbot_Object.Cancel_button().click()<br/>    <br/>        # Check Greater than 80 characters ----------------------------------------------------------<br/>        Chatbot_Object.NewChatbot_button().click()<br/>        Chatbot_Object.Enter_chatbot_name().send_keys(getData[&quot;Greater_then_80&quot;])<br/>        sleep(1)<br/>        Char_count = Chatbot_Object.Character_Count().text<br/>        try:<br/>            assert int(Char_count) == len(getData[&quot;Greater_then_80&quot;])<br/>        except:<br/>            print(&quot;Character count MISS-MATCH in Greater_then_80&quot;)<br/>    <br/>        try:<br/>            Check_validation_80 = Chatbot_Object.Check_Name_existsORnot().text<br/>            assert Check_validation_80.strip() == &#x27;Name should contain less than 80 characters&#x27;<br/>        except:<br/>            print(&quot;Miss-match not working: Name should contain less than 80 characters&quot;)<br/>        Chatbot_Object.Cancel_button().click()<br/>    <br/>        # Symbols ------------------------------------------------------------------------------------<br/>        Chatbot_Object.NewChatbot_button().click()<br/>        Chatbot_Object.Enter_chatbot_name().send_keys(getData[&quot;Sybmols&quot;])<br/>        try:<br/>            Check_Null_name = Chatbot_Object.Check_Name_existsORnot().text<br/>            print(Check_Null_name.strip())<br/>            assert Check_Null_name.strip() == &#x27;Oops! This format is not supported&#x27;<br/>        except:<br/>            print(&quot;Miss-match: This format is not supported for Symbols&quot;)<br/>    <br/>        Chatbot_Object.Cancel_button().click()<br/>        &quot;&quot;&quot;<br/>        &quot;&quot;&quot;<br/>        # Remove name --------------------------------------------------------------------------------<br/>        Chatbot_Object.NewChatbot_button().click()<br/>        Chatbot_Object.Enter_chatbot_name().send_keys(getData[&quot;Existing_Name&quot;])<br/>        Chatbot_Object.Enter_chatbot_name().clear()<br/>        Char_count = Chatbot_Object.Character_Count().text<br/>        try:<br/>            assert int(Char_count) == len(getData[&quot;Greater_then_80&quot;])<br/>        except:<br/>            print(&quot;Character count MISS-MATCH in Null name&quot;)<br/>    <br/>        try:<br/>            Check_Null_name = Chatbot_Object.Check_Name_existsORnot().text<br/>            assert Check_Null_name.strip() == &#x27;Oops! a Layout Name is needed here&#x27;<br/>        except:<br/>            print(&quot;mismatch- This Name already exists&quot;)<br/>        Chatbot_Object.Cancel_button().click()<br/>        &quot;&quot;&quot;<br/>        sleep(4)<br/>        # Create Chatbot<br/>        Chatbot_Object.NewChatbot_button().click()<br/>        Chatbot_Object.Enter_chatbot_name().send_keys(getData[&quot;New_Name&quot;])<br/>        Chatbot_Object.Create_button().click()<br/>    <br/>        # Edit chatbot<br/>&gt;       Chatbot_Object.End_step_button().click()<br/><br/>test_ChatbotsPage.py:103: <br/>_ _ _ _ _ _ _ _ _ _ _ _ _ _ _ _ _ _ _ _ _ _ _ _ _ _ _ _ _ _ _ _ _ _ _ _ _ _ _ _<br/>..\pageObjects\ChatbotPage.py:84: in End_step_button<br/>    return self.driver.find_element(*ChatbotPage.end_step_button)<br/>..\..\..\AppData\Local\Programs\Python\Python311\Lib\site-packages\selenium\webdriver\remote\webdriver.py:861: in find_element<br/>    return self.execute(Command.FIND_ELEMENT, {&quot;using&quot;: by, &quot;value&quot;: value})[&quot;value&quot;]<br/>..\..\..\AppData\Local\Programs\Python\Python311\Lib\site-packages\selenium\webdriver\remote\webdriver.py:444: in execute<br/>    self.error_handler.check_response(response)<br/>_ _ _ _ _ _ _ _ _ _ _ _ _ _ _ _ _ _ _ _ _ _ _ _ _ _ _ _ _ _ _ _ _ _ _ _ _ _ _ _<br/><br/>self = &lt;selenium.webdriver.remote.errorhandler.ErrorHandler object at 0x000001C747DDB110&gt;<br/>response = {&#x27;status&#x27;: 404, &#x27;value&#x27;: &#x27;{&quot;value&quot;:{&quot;error&quot;:&quot;no such element&quot;,&quot;message&quot;:&quot;no such element: Unable to locate element: {\...\n\\tRtlGetAppContainerNamedObjectPath [0x76FC7BBE+286]\\n\\tRtlGetAppContainerNamedObjectPath [0x76FC7B8E+238]\\n&quot;}}&#x27;}<br/><br/>    def check_response(self, response: Dict[str, Any]) -&gt; None:<br/>        &quot;&quot;&quot;<br/>        Checks that a JSON response from the WebDriver does not have an error.<br/>    <br/>        :Args:<br/>         - response - The JSON response from the WebDriver server as a dictionary<br/>           object.<br/>    <br/>        :Raises: If the response contains an error message.<br/>        &quot;&quot;&quot;<br/>        status = response.get(&quot;status&quot;, None)<br/>        if not status or status == ErrorCode.SUCCESS:<br/>            return<br/>        value = None<br/>        message = response.get(&quot;message&quot;, &quot;&quot;)<br/>        screen: str = response.get(&quot;screen&quot;, &quot;&quot;)<br/>        stacktrace = None<br/>        if isinstance(status, int):<br/>            value_json = response.get(&quot;value&quot;, None)<br/>            if value_json and isinstance(value_json, str):<br/>                import json<br/>    <br/>                try:<br/>                    value = json.loads(value_json)<br/>                    if len(value.keys()) == 1:<br/>                        value = value[&quot;value&quot;]<br/>                    status = value.get(&quot;error&quot;, None)<br/>                    if not status:<br/>                        status = value.get(&quot;status&quot;, ErrorCode.UNKNOWN_ERROR)<br/>                        message = value.get(&quot;value&quot;) or value.get(&quot;message&quot;)<br/>                        if not isinstance(message, str):<br/>                            value = message<br/>                            message = message.get(&quot;message&quot;)<br/>                    else:<br/>                        message = value.get(&quot;message&quot;, None)<br/>                except ValueError:<br/>                    pass<br/>    <br/>        exception_class: Type[WebDriverException]<br/>        if status in ErrorCode.NO_SUCH_ELEMENT:<br/>            exception_class = NoSuchElementException<br/>        elif status in ErrorCode.NO_SUCH_FRAME:<br/>            exception_class = NoSuchFrameException<br/>        elif status in ErrorCode.NO_SUCH_SHADOW_ROOT:<br/>            exception_class = NoSuchShadowRootException<br/>        elif status in ErrorCode.NO_SUCH_WINDOW:<br/>            exception_class = NoSuchWindowException<br/>        elif status in ErrorCode.STALE_ELEMENT_REFERENCE:<br/>            exception_class = StaleElementReferenceException<br/>        elif status in ErrorCode.ELEMENT_NOT_VISIBLE:<br/>            exception_class = ElementNotVisibleException<br/>        elif status in ErrorCode.INVALID_ELEMENT_STATE:<br/>            exception_class = InvalidElementStateException<br/>        elif (<br/>            status in ErrorCode.INVALID_SELECTOR<br/>            or status in ErrorCode.INVALID_XPATH_SELECTOR<br/>            or status in ErrorCode.INVALID_XPATH_SELECTOR_RETURN_TYPER<br/>        ):<br/>            exception_class = InvalidSelectorException<br/>        elif status in ErrorCode.ELEMENT_IS_NOT_SELECTABLE:<br/>            exception_class = ElementNotSelectableException<br/>        elif status in ErrorCode.ELEMENT_NOT_INTERACTABLE:<br/>            exception_class = ElementNotInteractableException<br/>        elif status in ErrorCode.INVALID_COOKIE_DOMAIN:<br/>            exception_class = InvalidCookieDomainException<br/>        elif status in ErrorCode.UNABLE_TO_SET_COOKIE:<br/>            exception_class = UnableToSetCookieException<br/>        elif status in ErrorCode.TIMEOUT:<br/>            exception_class = TimeoutException<br/>        elif status in ErrorCode.SCRIPT_TIMEOUT:<br/>            exception_class = TimeoutException<br/>        elif status in ErrorCode.UNKNOWN_ERROR:<br/>            exception_class = WebDriverException<br/>        elif status in ErrorCode.UNEXPECTED_ALERT_OPEN:<br/>            exception_class = UnexpectedAlertPresentException<br/>        elif status in ErrorCode.NO_ALERT_OPEN:<br/>            exception_class = NoAlertPresentException<br/>        elif status in ErrorCode.IME_NOT_AVAILABLE:<br/>            exception_class = ImeNotAvailableException<br/>        elif status in ErrorCode.IME_ENGINE_ACTIVATION_FAILED:<br/>            exception_class = ImeActivationFailedException<br/>        elif status in ErrorCode.MOVE_TARGET_OUT_OF_BOUNDS:<br/>            exception_class = MoveTargetOutOfBoundsException<br/>        elif status in ErrorCode.JAVASCRIPT_ERROR:<br/>            exception_class = JavascriptException<br/>        elif status in ErrorCode.SESSION_NOT_CREATED:<br/>            exception_class = SessionNotCreatedException<br/>        elif status in ErrorCode.INVALID_ARGUMENT:<br/>            exception_class = InvalidArgumentException<br/>        elif status in ErrorCode.NO_SUCH_COOKIE:<br/>            exception_class = NoSuchCookieException<br/>        elif status in ErrorCode.UNABLE_TO_CAPTURE_SCREEN:<br/>            exception_class = ScreenshotException<br/>        elif status in ErrorCode.ELEMENT_CLICK_INTERCEPTED:<br/>            exception_class = ElementClickInterceptedException<br/>        elif status in ErrorCode.INSECURE_CERTIFICATE:<br/>            exception_class = InsecureCertificateException<br/>        elif status in ErrorCode.INVALID_COORDINATES:<br/>            exception_class = InvalidCoordinatesException<br/>        elif status in ErrorCode.INVALID_SESSION_ID:<br/>            exception_class = InvalidSessionIdException<br/>        elif status in ErrorCode.UNKNOWN_METHOD:<br/>            exception_class = UnknownMethodException<br/>        else:<br/>            exception_class = WebDriverException<br/>        if not value:<br/>            value = response[&quot;value&quot;]<br/>        if isinstance(value, str):<br/>            raise exception_class(value)<br/>        if message == &quot;&quot; and &quot;message&quot; in value:<br/>            message = value[&quot;message&quot;]<br/>    <br/>        screen = None  # type: ignore[assignment]<br/>        if &quot;screen&quot; in value:<br/>            screen = value[&quot;screen&quot;]<br/>    <br/>        stacktrace = None<br/>        st_value = value.get(&quot;stackTrace&quot;) or value.get(&quot;stacktrace&quot;)<br/>        if st_value:<br/>            if isinstance(st_value, str):<br/>                stacktrace = st_value.split(&quot;\n&quot;)<br/>            else:<br/>                stacktrace = []<br/>                try:<br/>                    for frame in st_value:<br/>                        line = frame.get(&quot;lineNumber&quot;, &quot;&quot;)<br/>                        file = frame.get(&quot;fileName&quot;, &quot;&lt;anonymous&gt;&quot;)<br/>                        if line:<br/>                            file = f&quot;{file}:{line}&quot;<br/>                        meth = frame.get(&quot;methodName&quot;, &quot;&lt;anonymous&gt;&quot;)<br/>                        if &quot;className&quot; in frame:<br/>                            meth = &quot;{}.{}&quot;.format(frame[&quot;className&quot;], meth)<br/>                        msg = &quot;    at %s (%s)&quot;<br/>                        msg = msg % (meth, file)<br/>                        stacktrace.append(msg)<br/>                except TypeError:<br/>                    pass<br/>        if exception_class == UnexpectedAlertPresentException:<br/>            alert_text = None<br/>            if &quot;data&quot; in value:<br/>                alert_text = value[&quot;data&quot;].get(&quot;text&quot;)<br/>            elif &quot;alert&quot; in value:<br/>                alert_text = value[&quot;alert&quot;].get(&quot;text&quot;)<br/>            raise exception_class(message, screen, stacktrace, alert_text)  # type: ignore[call-arg]  # mypy is not smart enough here<br/>&gt;       raise exception_class(message, screen, stacktrace)<br/><span class="error">E       selenium.common.exceptions.NoSuchElementException: Message: no such element: Unable to locate element: {&quot;method&quot;:&quot;xpath&quot;,&quot;selector&quot;:&quot;(//div[@class=&#x27;lcap-chatstep-body&#x27;])[2]&quot;}</span><br/><span class="error">E         (Session info: chrome=110.0.5481.177)</span><br/><span class="error">E       Stacktrace:</span><br/><span class="error">E       Backtrace:</span><br/><span class="error">E       	(No symbol) [0x008337D3]</span><br/><span class="error">E       	(No symbol) [0x007C8B81]</span><br/><span class="error">E       	(No symbol) [0x006CB36D]</span><br/><span class="error">E       	(No symbol) [0x006FD382]</span><br/><span class="error">E       	(No symbol) [0x006FD4BB]</span><br/><span class="error">E       	(No symbol) [0x00733302]</span><br/><span class="error">E       	(No symbol) [0x0071B464]</span><br/><span class="error">E       	(No symbol) [0x00731215]</span><br/><span class="error">E       	(No symbol) [0x0071B216]</span><br/><span class="error">E       	(No symbol) [0x006F0D97]</span><br/><span class="error">E       	(No symbol) [0x006F253D]</span><br/><span class="error">E       	GetHandleVerifier [0x00AAABF2+2510930]</span><br/><span class="error">E       	GetHandleVerifier [0x00AD8EC1+2700065]</span><br/><span class="error">E       	GetHandleVerifier [0x00ADC86C+2714828]</span><br/><span class="error">E       	GetHandleVerifier [0x008E3480+645344]</span><br/><span class="error">E       	(No symbol) [0x007D0FD2]</span><br/><span class="error">E       	(No symbol) [0x007D6C68]</span><br/><span class="error">E       	(No symbol) [0x007D6D4B]</span><br/><span class="error">E       	(No symbol) [0x007E0D6B]</span><br/><span class="error">E       	BaseThreadInitThunk [0x753C00F9+25]</span><br/><span class="error">E       	RtlGetAppContainerNamedObjectPath [0x76FC7BBE+286]</span><br/><span class="error">E       	RtlGetAppContainerNamedObjectPath [0x76FC7B8E+238]</span><br/><br/>..\..\..\AppData\Local\Programs\Python\Python311\Lib\site-packages\selenium\webdriver\remote\errorhandler.py:249: NoSuchElementException<br/></div></td></tr></tbody>
      <tbody class="failed results-table-row">
        <tr>
          <td class="col-result">Failed</td>
          <td class="col-name">test_SCVisitorApp.py::TestSCVisitorApp::test_SCVisitorApp</td>
          <td class="col-duration">5.84</td>
          <td class="col-links"></td></tr>
        <tr>
          <td class="extra" colspan="4">
            <div><div><img src="C:/Users/rajku-sa/PycharmProjects/SalesChatAutomation/Screenshots/test_SCVisitorApp.py_TestSCVisitorApp_test_SCVisitorApp.png" alt="screenshot" style="width:304px;height:228px;" onclick="window.open(this.src)" align="right"/></div></div>
            <div class="log">self = &lt;tests.test_SCVisitorApp.TestSCVisitorApp object at 0x000001C74714A950&gt;<br/><br/>    def test_SCVisitorApp(self):<br/>    <br/>        service_obj = Service(&quot;C:/Users/rajku-sa/Desktop/Selenium/chromedriver_win32/chromedriver.exe&quot;)<br/>&gt;       driver = webdriver.Chrome(service=service_obj)<br/><br/>test_SCVisitorApp.py:16: <br/>_ _ _ _ _ _ _ _ _ _ _ _ _ _ _ _ _ _ _ _ _ _ _ _ _ _ _ _ _ _ _ _ _ _ _ _ _ _ _ _<br/>..\..\..\AppData\Local\Programs\Python\Python311\Lib\site-packages\selenium\webdriver\chrome\webdriver.py:81: in __init__<br/>    super().__init__(<br/>..\..\..\AppData\Local\Programs\Python\Python311\Lib\site-packages\selenium\webdriver\chromium\webdriver.py:106: in __init__<br/>    super().__init__(<br/>..\..\..\AppData\Local\Programs\Python\Python311\Lib\site-packages\selenium\webdriver\remote\webdriver.py:288: in __init__<br/>    self.start_session(capabilities, browser_profile)<br/>..\..\..\AppData\Local\Programs\Python\Python311\Lib\site-packages\selenium\webdriver\remote\webdriver.py:381: in start_session<br/>    response = self.execute(Command.NEW_SESSION, parameters)<br/>..\..\..\AppData\Local\Programs\Python\Python311\Lib\site-packages\selenium\webdriver\remote\webdriver.py:444: in execute<br/>    self.error_handler.check_response(response)<br/>_ _ _ _ _ _ _ _ _ _ _ _ _ _ _ _ _ _ _ _ _ _ _ _ _ _ _ _ _ _ _ _ _ _ _ _ _ _ _ _<br/><br/>self = &lt;selenium.webdriver.remote.errorhandler.ErrorHandler object at 0x000001C747DCE610&gt;<br/>response = {&#x27;status&#x27;: 500, &#x27;value&#x27;: &#x27;{&quot;value&quot;:{&quot;error&quot;:&quot;session not created&quot;,&quot;message&quot;:&quot;session not created: This version of Chro...\n\\tRtlGetAppContainerNamedObjectPath [0x76FC7BBE+286]\\n\\tRtlGetAppContainerNamedObjectPath [0x76FC7B8E+238]\\n&quot;}}&#x27;}<br/><br/>    def check_response(self, response: Dict[str, Any]) -&gt; None:<br/>        &quot;&quot;&quot;<br/>        Checks that a JSON response from the WebDriver does not have an error.<br/>    <br/>        :Args:<br/>         - response - The JSON response from the WebDriver server as a dictionary<br/>           object.<br/>    <br/>        :Raises: If the response contains an error message.<br/>        &quot;&quot;&quot;<br/>        status = response.get(&quot;status&quot;, None)<br/>        if not status or status == ErrorCode.SUCCESS:<br/>            return<br/>        value = None<br/>        message = response.get(&quot;message&quot;, &quot;&quot;)<br/>        screen: str = response.get(&quot;screen&quot;, &quot;&quot;)<br/>        stacktrace = None<br/>        if isinstance(status, int):<br/>            value_json = response.get(&quot;value&quot;, None)<br/>            if value_json and isinstance(value_json, str):<br/>                import json<br/>    <br/>                try:<br/>                    value = json.loads(value_json)<br/>                    if len(value.keys()) == 1:<br/>                        value = value[&quot;value&quot;]<br/>                    status = value.get(&quot;error&quot;, None)<br/>                    if not status:<br/>                        status = value.get(&quot;status&quot;, ErrorCode.UNKNOWN_ERROR)<br/>                        message = value.get(&quot;value&quot;) or value.get(&quot;message&quot;)<br/>                        if not isinstance(message, str):<br/>                            value = message<br/>                            message = message.get(&quot;message&quot;)<br/>                    else:<br/>                        message = value.get(&quot;message&quot;, None)<br/>                except ValueError:<br/>                    pass<br/>    <br/>        exception_class: Type[WebDriverException]<br/>        if status in ErrorCode.NO_SUCH_ELEMENT:<br/>            exception_class = NoSuchElementException<br/>        elif status in ErrorCode.NO_SUCH_FRAME:<br/>            exception_class = NoSuchFrameException<br/>        elif status in ErrorCode.NO_SUCH_SHADOW_ROOT:<br/>            exception_class = NoSuchShadowRootException<br/>        elif status in ErrorCode.NO_SUCH_WINDOW:<br/>            exception_class = NoSuchWindowException<br/>        elif status in ErrorCode.STALE_ELEMENT_REFERENCE:<br/>            exception_class = StaleElementReferenceException<br/>        elif status in ErrorCode.ELEMENT_NOT_VISIBLE:<br/>            exception_class = ElementNotVisibleException<br/>        elif status in ErrorCode.INVALID_ELEMENT_STATE:<br/>            exception_class = InvalidElementStateException<br/>        elif (<br/>            status in ErrorCode.INVALID_SELECTOR<br/>            or status in ErrorCode.INVALID_XPATH_SELECTOR<br/>            or status in ErrorCode.INVALID_XPATH_SELECTOR_RETURN_TYPER<br/>        ):<br/>            exception_class = InvalidSelectorException<br/>        elif status in ErrorCode.ELEMENT_IS_NOT_SELECTABLE:<br/>            exception_class = ElementNotSelectableException<br/>        elif status in ErrorCode.ELEMENT_NOT_INTERACTABLE:<br/>            exception_class = ElementNotInteractableException<br/>        elif status in ErrorCode.INVALID_COOKIE_DOMAIN:<br/>            exception_class = InvalidCookieDomainException<br/>        elif status in ErrorCode.UNABLE_TO_SET_COOKIE:<br/>            exception_class = UnableToSetCookieException<br/>        elif status in ErrorCode.TIMEOUT:<br/>            exception_class = TimeoutException<br/>        elif status in ErrorCode.SCRIPT_TIMEOUT:<br/>            exception_class = TimeoutException<br/>        elif status in ErrorCode.UNKNOWN_ERROR:<br/>            exception_class = WebDriverException<br/>        elif status in ErrorCode.UNEXPECTED_ALERT_OPEN:<br/>            exception_class = UnexpectedAlertPresentException<br/>        elif status in ErrorCode.NO_ALERT_OPEN:<br/>            exception_class = NoAlertPresentException<br/>        elif status in ErrorCode.IME_NOT_AVAILABLE:<br/>            exception_class = ImeNotAvailableException<br/>        elif status in ErrorCode.IME_ENGINE_ACTIVATION_FAILED:<br/>            exception_class = ImeActivationFailedException<br/>        elif status in ErrorCode.MOVE_TARGET_OUT_OF_BOUNDS:<br/>            exception_class = MoveTargetOutOfBoundsException<br/>        elif status in ErrorCode.JAVASCRIPT_ERROR:<br/>            exception_class = JavascriptException<br/>        elif status in ErrorCode.SESSION_NOT_CREATED:<br/>            exception_class = SessionNotCreatedException<br/>        elif status in ErrorCode.INVALID_ARGUMENT:<br/>            exception_class = InvalidArgumentException<br/>        elif status in ErrorCode.NO_SUCH_COOKIE:<br/>            exception_class = NoSuchCookieException<br/>        elif status in ErrorCode.UNABLE_TO_CAPTURE_SCREEN:<br/>            exception_class = ScreenshotException<br/>        elif status in ErrorCode.ELEMENT_CLICK_INTERCEPTED:<br/>            exception_class = ElementClickInterceptedException<br/>        elif status in ErrorCode.INSECURE_CERTIFICATE:<br/>            exception_class = InsecureCertificateException<br/>        elif status in ErrorCode.INVALID_COORDINATES:<br/>            exception_class = InvalidCoordinatesException<br/>        elif status in ErrorCode.INVALID_SESSION_ID:<br/>            exception_class = InvalidSessionIdException<br/>        elif status in ErrorCode.UNKNOWN_METHOD:<br/>            exception_class = UnknownMethodException<br/>        else:<br/>            exception_class = WebDriverException<br/>        if not value:<br/>            value = response[&quot;value&quot;]<br/>        if isinstance(value, str):<br/>            raise exception_class(value)<br/>        if message == &quot;&quot; and &quot;message&quot; in value:<br/>            message = value[&quot;message&quot;]<br/>    <br/>        screen = None  # type: ignore[assignment]<br/>        if &quot;screen&quot; in value:<br/>            screen = value[&quot;screen&quot;]<br/>    <br/>        stacktrace = None<br/>        st_value = value.get(&quot;stackTrace&quot;) or value.get(&quot;stacktrace&quot;)<br/>        if st_value:<br/>            if isinstance(st_value, str):<br/>                stacktrace = st_value.split(&quot;\n&quot;)<br/>            else:<br/>                stacktrace = []<br/>                try:<br/>                    for frame in st_value:<br/>                        line = frame.get(&quot;lineNumber&quot;, &quot;&quot;)<br/>                        file = frame.get(&quot;fileName&quot;, &quot;&lt;anonymous&gt;&quot;)<br/>                        if line:<br/>                            file = f&quot;{file}:{line}&quot;<br/>                        meth = frame.get(&quot;methodName&quot;, &quot;&lt;anonymous&gt;&quot;)<br/>                        if &quot;className&quot; in frame:<br/>                            meth = &quot;{}.{}&quot;.format(frame[&quot;className&quot;], meth)<br/>                        msg = &quot;    at %s (%s)&quot;<br/>                        msg = msg % (meth, file)<br/>                        stacktrace.append(msg)<br/>                except TypeError:<br/>                    pass<br/>        if exception_class == UnexpectedAlertPresentException:<br/>            alert_text = None<br/>            if &quot;data&quot; in value:<br/>                alert_text = value[&quot;data&quot;].get(&quot;text&quot;)<br/>            elif &quot;alert&quot; in value:<br/>                alert_text = value[&quot;alert&quot;].get(&quot;text&quot;)<br/>            raise exception_class(message, screen, stacktrace, alert_text)  # type: ignore[call-arg]  # mypy is not smart enough here<br/>&gt;       raise exception_class(message, screen, stacktrace)<br/><span class="error">E       selenium.common.exceptions.SessionNotCreatedException: Message: session not created: This version of ChromeDriver only supports Chrome version 108</span><br/><span class="error">E       Current browser version is 110.0.5481.177 with binary path C:\Program Files (x86)\Google\Chrome\Application\chrome.exe</span><br/><span class="error">E       Stacktrace:</span><br/><span class="error">E       Backtrace:</span><br/><span class="error">E       	(No symbol) [0x00C8F243]</span><br/><span class="error">E       	(No symbol) [0x00C17FD1]</span><br/><span class="error">E       	(No symbol) [0x00B0D04D]</span><br/><span class="error">E       	(No symbol) [0x00B2F6B4]</span><br/><span class="error">E       	(No symbol) [0x00B2A97C]</span><br/><span class="error">E       	(No symbol) [0x00B282E9]</span><br/><span class="error">E       	(No symbol) [0x00B5F056]</span><br/><span class="error">E       	(No symbol) [0x00B5EB2A]</span><br/><span class="error">E       	(No symbol) [0x00B58386]</span><br/><span class="error">E       	(No symbol) [0x00B3163C]</span><br/><span class="error">E       	(No symbol) [0x00B3269D]</span><br/><span class="error">E       	GetHandleVerifier [0x00F29A22+2655074]</span><br/><span class="error">E       	GetHandleVerifier [0x00F1CA24+2601828]</span><br/><span class="error">E       	GetHandleVerifier [0x00D38C0A+619850]</span><br/><span class="error">E       	GetHandleVerifier [0x00D37830+614768]</span><br/><span class="error">E       	(No symbol) [0x00C205FC]</span><br/><span class="error">E       	(No symbol) [0x00C25968]</span><br/><span class="error">E       	(No symbol) [0x00C25A55]</span><br/><span class="error">E       	(No symbol) [0x00C3051B]</span><br/><span class="error">E       	BaseThreadInitThunk [0x753C00F9+25]</span><br/><span class="error">E       	RtlGetAppContainerNamedObjectPath [0x76FC7BBE+286]</span><br/><span class="error">E       	RtlGetAppContainerNamedObjectPath [0x76FC7B8E+238]</span><br/><br/>..\..\..\AppData\Local\Programs\Python\Python311\Lib\site-packages\selenium\webdriver\remote\errorhandler.py:249: SessionNotCreatedException<br/></div></td></tr></tbody>
      <tbody class="failed results-table-row">
        <tr>
          <td class="col-result">Failed</td>
          <td class="col-name">test_UserPage.py::TestUserPage::test_UserPage[getData0]</td>
          <td class="col-duration">4.04</td>
          <td class="col-links"></td></tr>
        <tr>
          <td class="extra" colspan="4">
            <div><div><img src="C:/Users/rajku-sa/PycharmProjects/SalesChatAutomation/Screenshots/test_UserPage.py_TestUserPage_test_UserPage[getData0].png" alt="screenshot" style="width:304px;height:228px;" onclick="window.open(this.src)" align="right"/></div></div>
            <div class="log">self = &lt;tests.test_UserPage.TestUserPage object at 0x000001C74715CC10&gt;<br/>getData = {&#x27;Filter&#x27;: &#x27;1&#x27;, &#x27;Search_Name&#x27;: &#x27;Sandeep&#x27;}<br/><br/>    def test_UserPage(self, getData):<br/>        UserPageObject = UserPage(self.driver)<br/>    <br/>        if not TestUserPage.logged_in:<br/>            loginPageObject = LoginPage(self.driver)<br/>            loginPageObject.loginPageUsername().send_keys(&quot;sandeep2tej@gmail.com&quot;)  # obj.functionName.action<br/>            loginPageObject.loginPagePassword().send_keys(&quot;P@ss1234&quot;)<br/>            loginPageObject.loginPageSubmit().click()<br/>            TestUserPage.logged_in = True<br/>            UserPageObject.UserPage_Button().click()  # Users button<br/>    <br/>        # 500 users<br/>        if not TestUserPage.i:<br/>            UserPageObject.UserPage_Rows_Dropdown().click()  # Rows_click<br/>            UserPageObject.UserPage_500_Options().click()  # 500 options<br/>            TestUserPage.i = True<br/>    <br/>        # Visitor/lead/All<br/>        UserPageObject.UserPage_LV_dropdown().click()  # L/V dropdown_click<br/>&gt;       UserPageObject.UserPage_LV_Options(getData[&quot;Filter&quot;]).click()  # L/V options<br/><br/>test_UserPage.py:36: <br/>_ _ _ _ _ _ _ _ _ _ _ _ _ _ _ _ _ _ _ _ _ _ _ _ _ _ _ _ _ _ _ _ _ _ _ _ _ _ _ _<br/>..\..\..\AppData\Local\Programs\Python\Python311\Lib\site-packages\selenium\webdriver\remote\webelement.py:93: in click<br/>    self._execute(Command.CLICK_ELEMENT)<br/>..\..\..\AppData\Local\Programs\Python\Python311\Lib\site-packages\selenium\webdriver\remote\webelement.py:410: in _execute<br/>    return self._parent.execute(command, params)<br/>..\..\..\AppData\Local\Programs\Python\Python311\Lib\site-packages\selenium\webdriver\remote\webdriver.py:444: in execute<br/>    self.error_handler.check_response(response)<br/>_ _ _ _ _ _ _ _ _ _ _ _ _ _ _ _ _ _ _ _ _ _ _ _ _ _ _ _ _ _ _ _ _ _ _ _ _ _ _ _<br/><br/>self = &lt;selenium.webdriver.remote.errorhandler.ErrorHandler object at 0x000001C747D6B950&gt;<br/>response = {&#x27;status&#x27;: 404, &#x27;value&#x27;: &#x27;{&quot;value&quot;:{&quot;error&quot;:&quot;stale element reference&quot;,&quot;message&quot;:&quot;stale element reference: element is n...\n\\tRtlGetAppContainerNamedObjectPath [0x76FC7BBE+286]\\n\\tRtlGetAppContainerNamedObjectPath [0x76FC7B8E+238]\\n&quot;}}&#x27;}<br/><br/>    def check_response(self, response: Dict[str, Any]) -&gt; None:<br/>        &quot;&quot;&quot;<br/>        Checks that a JSON response from the WebDriver does not have an error.<br/>    <br/>        :Args:<br/>         - response - The JSON response from the WebDriver server as a dictionary<br/>           object.<br/>    <br/>        :Raises: If the response contains an error message.<br/>        &quot;&quot;&quot;<br/>        status = response.get(&quot;status&quot;, None)<br/>        if not status or status == ErrorCode.SUCCESS:<br/>            return<br/>        value = None<br/>        message = response.get(&quot;message&quot;, &quot;&quot;)<br/>        screen: str = response.get(&quot;screen&quot;, &quot;&quot;)<br/>        stacktrace = None<br/>        if isinstance(status, int):<br/>            value_json = response.get(&quot;value&quot;, None)<br/>            if value_json and isinstance(value_json, str):<br/>                import json<br/>    <br/>                try:<br/>                    value = json.loads(value_json)<br/>                    if len(value.keys()) == 1:<br/>                        value = value[&quot;value&quot;]<br/>                    status = value.get(&quot;error&quot;, None)<br/>                    if not status:<br/>                        status = value.get(&quot;status&quot;, ErrorCode.UNKNOWN_ERROR)<br/>                        message = value.get(&quot;value&quot;) or value.get(&quot;message&quot;)<br/>                        if not isinstance(message, str):<br/>                            value = message<br/>                            message = message.get(&quot;message&quot;)<br/>                    else:<br/>                        message = value.get(&quot;message&quot;, None)<br/>                except ValueError:<br/>                    pass<br/>    <br/>        exception_class: Type[WebDriverException]<br/>        if status in ErrorCode.NO_SUCH_ELEMENT:<br/>            exception_class = NoSuchElementException<br/>        elif status in ErrorCode.NO_SUCH_FRAME:<br/>            exception_class = NoSuchFrameException<br/>        elif status in ErrorCode.NO_SUCH_SHADOW_ROOT:<br/>            exception_class = NoSuchShadowRootException<br/>        elif status in ErrorCode.NO_SUCH_WINDOW:<br/>            exception_class = NoSuchWindowException<br/>        elif status in ErrorCode.STALE_ELEMENT_REFERENCE:<br/>            exception_class = StaleElementReferenceException<br/>        elif status in ErrorCode.ELEMENT_NOT_VISIBLE:<br/>            exception_class = ElementNotVisibleException<br/>        elif status in ErrorCode.INVALID_ELEMENT_STATE:<br/>            exception_class = InvalidElementStateException<br/>        elif (<br/>            status in ErrorCode.INVALID_SELECTOR<br/>            or status in ErrorCode.INVALID_XPATH_SELECTOR<br/>            or status in ErrorCode.INVALID_XPATH_SELECTOR_RETURN_TYPER<br/>        ):<br/>            exception_class = InvalidSelectorException<br/>        elif status in ErrorCode.ELEMENT_IS_NOT_SELECTABLE:<br/>            exception_class = ElementNotSelectableException<br/>        elif status in ErrorCode.ELEMENT_NOT_INTERACTABLE:<br/>            exception_class = ElementNotInteractableException<br/>        elif status in ErrorCode.INVALID_COOKIE_DOMAIN:<br/>            exception_class = InvalidCookieDomainException<br/>        elif status in ErrorCode.UNABLE_TO_SET_COOKIE:<br/>            exception_class = UnableToSetCookieException<br/>        elif status in ErrorCode.TIMEOUT:<br/>            exception_class = TimeoutException<br/>        elif status in ErrorCode.SCRIPT_TIMEOUT:<br/>            exception_class = TimeoutException<br/>        elif status in ErrorCode.UNKNOWN_ERROR:<br/>            exception_class = WebDriverException<br/>        elif status in ErrorCode.UNEXPECTED_ALERT_OPEN:<br/>            exception_class = UnexpectedAlertPresentException<br/>        elif status in ErrorCode.NO_ALERT_OPEN:<br/>            exception_class = NoAlertPresentException<br/>        elif status in ErrorCode.IME_NOT_AVAILABLE:<br/>            exception_class = ImeNotAvailableException<br/>        elif status in ErrorCode.IME_ENGINE_ACTIVATION_FAILED:<br/>            exception_class = ImeActivationFailedException<br/>        elif status in ErrorCode.MOVE_TARGET_OUT_OF_BOUNDS:<br/>            exception_class = MoveTargetOutOfBoundsException<br/>        elif status in ErrorCode.JAVASCRIPT_ERROR:<br/>            exception_class = JavascriptException<br/>        elif status in ErrorCode.SESSION_NOT_CREATED:<br/>            exception_class = SessionNotCreatedException<br/>        elif status in ErrorCode.INVALID_ARGUMENT:<br/>            exception_class = InvalidArgumentException<br/>        elif status in ErrorCode.NO_SUCH_COOKIE:<br/>            exception_class = NoSuchCookieException<br/>        elif status in ErrorCode.UNABLE_TO_CAPTURE_SCREEN:<br/>            exception_class = ScreenshotException<br/>        elif status in ErrorCode.ELEMENT_CLICK_INTERCEPTED:<br/>            exception_class = ElementClickInterceptedException<br/>        elif status in ErrorCode.INSECURE_CERTIFICATE:<br/>            exception_class = InsecureCertificateException<br/>        elif status in ErrorCode.INVALID_COORDINATES:<br/>            exception_class = InvalidCoordinatesException<br/>        elif status in ErrorCode.INVALID_SESSION_ID:<br/>            exception_class = InvalidSessionIdException<br/>        elif status in ErrorCode.UNKNOWN_METHOD:<br/>            exception_class = UnknownMethodException<br/>        else:<br/>            exception_class = WebDriverException<br/>        if not value:<br/>            value = response[&quot;value&quot;]<br/>        if isinstance(value, str):<br/>            raise exception_class(value)<br/>        if message == &quot;&quot; and &quot;message&quot; in value:<br/>            message = value[&quot;message&quot;]<br/>    <br/>        screen = None  # type: ignore[assignment]<br/>        if &quot;screen&quot; in value:<br/>            screen = value[&quot;screen&quot;]<br/>    <br/>        stacktrace = None<br/>        st_value = value.get(&quot;stackTrace&quot;) or value.get(&quot;stacktrace&quot;)<br/>        if st_value:<br/>            if isinstance(st_value, str):<br/>                stacktrace = st_value.split(&quot;\n&quot;)<br/>            else:<br/>                stacktrace = []<br/>                try:<br/>                    for frame in st_value:<br/>                        line = frame.get(&quot;lineNumber&quot;, &quot;&quot;)<br/>                        file = frame.get(&quot;fileName&quot;, &quot;&lt;anonymous&gt;&quot;)<br/>                        if line:<br/>                            file = f&quot;{file}:{line}&quot;<br/>                        meth = frame.get(&quot;methodName&quot;, &quot;&lt;anonymous&gt;&quot;)<br/>                        if &quot;className&quot; in frame:<br/>                            meth = &quot;{}.{}&quot;.format(frame[&quot;className&quot;], meth)<br/>                        msg = &quot;    at %s (%s)&quot;<br/>                        msg = msg % (meth, file)<br/>                        stacktrace.append(msg)<br/>                except TypeError:<br/>                    pass<br/>        if exception_class == UnexpectedAlertPresentException:<br/>            alert_text = None<br/>            if &quot;data&quot; in value:<br/>                alert_text = value[&quot;data&quot;].get(&quot;text&quot;)<br/>            elif &quot;alert&quot; in value:<br/>                alert_text = value[&quot;alert&quot;].get(&quot;text&quot;)<br/>            raise exception_class(message, screen, stacktrace, alert_text)  # type: ignore[call-arg]  # mypy is not smart enough here<br/>&gt;       raise exception_class(message, screen, stacktrace)<br/><span class="error">E       selenium.common.exceptions.StaleElementReferenceException: Message: stale element reference: element is not attached to the page document</span><br/><span class="error">E         (Session info: chrome=110.0.5481.177)</span><br/><span class="error">E       Stacktrace:</span><br/><span class="error">E       Backtrace:</span><br/><span class="error">E       	(No symbol) [0x008337D3]</span><br/><span class="error">E       	(No symbol) [0x007C8B81]</span><br/><span class="error">E       	(No symbol) [0x006CB36D]</span><br/><span class="error">E       	(No symbol) [0x006CE0FB]</span><br/><span class="error">E       	(No symbol) [0x006CDFD0]</span><br/><span class="error">E       	(No symbol) [0x006CE250]</span><br/><span class="error">E       	(No symbol) [0x00704BFD]</span><br/><span class="error">E       	(No symbol) [0x007026DB]</span><br/><span class="error">E       	(No symbol) [0x006FFD0B]</span><br/><span class="error">E       	(No symbol) [0x006FE4D8]</span><br/><span class="error">E       	(No symbol) [0x006F3253]</span><br/><span class="error">E       	(No symbol) [0x0071B41C]</span><br/><span class="error">E       	(No symbol) [0x006F2B96]</span><br/><span class="error">E       	(No symbol) [0x0071B774]</span><br/><span class="error">E       	(No symbol) [0x00731215]</span><br/><span class="error">E       	(No symbol) [0x0071B216]</span><br/><span class="error">E       	(No symbol) [0x006F0D97]</span><br/><span class="error">E       	(No symbol) [0x006F253D]</span><br/><span class="error">E       	GetHandleVerifier [0x00AAABF2+2510930]</span><br/><span class="error">E       	GetHandleVerifier [0x00AD8EC1+2700065]</span><br/><span class="error">E       	GetHandleVerifier [0x00ADC86C+2714828]</span><br/><span class="error">E       	GetHandleVerifier [0x008E3480+645344]</span><br/><span class="error">E       	(No symbol) [0x007D0FD2]</span><br/><span class="error">E       	(No symbol) [0x007D6C68]</span><br/><span class="error">E       	(No symbol) [0x007D6D4B]</span><br/><span class="error">E       	(No symbol) [0x007E0D6B]</span><br/><span class="error">E       	BaseThreadInitThunk [0x753C00F9+25]</span><br/><span class="error">E       	RtlGetAppContainerNamedObjectPath [0x76FC7BBE+286]</span><br/><span class="error">E       	RtlGetAppContainerNamedObjectPath [0x76FC7B8E+238]</span><br/><br/>..\..\..\AppData\Local\Programs\Python\Python311\Lib\site-packages\selenium\webdriver\remote\errorhandler.py:249: StaleElementReferenceException<br/></div></td></tr></tbody>
      <tbody class="failed results-table-row">
        <tr>
          <td class="col-result">Failed</td>
          <td class="col-name">test_UserPage.py::TestUserPage::test_UserPage[getData1]</td>
          <td class="col-duration">1.08</td>
          <td class="col-links"></td></tr>
        <tr>
          <td class="extra" colspan="4">
            <div><div><img src="C:/Users/rajku-sa/PycharmProjects/SalesChatAutomation/Screenshots/test_UserPage.py_TestUserPage_test_UserPage[getData1].png" alt="screenshot" style="width:304px;height:228px;" onclick="window.open(this.src)" align="right"/></div></div>
            <div class="log">self = &lt;tests.test_UserPage.TestUserPage object at 0x000001C74715CE90&gt;<br/>getData = {&#x27;Filter&#x27;: &#x27;2&#x27;, &#x27;Search_Name&#x27;: &#x27;Reny&#x27;}<br/><br/>    def test_UserPage(self, getData):<br/>        UserPageObject = UserPage(self.driver)<br/>    <br/>        if not TestUserPage.logged_in:<br/>            loginPageObject = LoginPage(self.driver)<br/>            loginPageObject.loginPageUsername().send_keys(&quot;sandeep2tej@gmail.com&quot;)  # obj.functionName.action<br/>            loginPageObject.loginPagePassword().send_keys(&quot;P@ss1234&quot;)<br/>            loginPageObject.loginPageSubmit().click()<br/>            TestUserPage.logged_in = True<br/>            UserPageObject.UserPage_Button().click()  # Users button<br/>    <br/>        # 500 users<br/>        if not TestUserPage.i:<br/>            UserPageObject.UserPage_Rows_Dropdown().click()  # Rows_click<br/>            UserPageObject.UserPage_500_Options().click()  # 500 options<br/>            TestUserPage.i = True<br/>    <br/>        # Visitor/lead/All<br/>&gt;       UserPageObject.UserPage_LV_dropdown().click()  # L/V dropdown_click<br/><br/>test_UserPage.py:35: <br/>_ _ _ _ _ _ _ _ _ _ _ _ _ _ _ _ _ _ _ _ _ _ _ _ _ _ _ _ _ _ _ _ _ _ _ _ _ _ _ _<br/>..\..\..\AppData\Local\Programs\Python\Python311\Lib\site-packages\selenium\webdriver\remote\webelement.py:93: in click<br/>    self._execute(Command.CLICK_ELEMENT)<br/>..\..\..\AppData\Local\Programs\Python\Python311\Lib\site-packages\selenium\webdriver\remote\webelement.py:410: in _execute<br/>    return self._parent.execute(command, params)<br/>..\..\..\AppData\Local\Programs\Python\Python311\Lib\site-packages\selenium\webdriver\remote\webdriver.py:444: in execute<br/>    self.error_handler.check_response(response)<br/>_ _ _ _ _ _ _ _ _ _ _ _ _ _ _ _ _ _ _ _ _ _ _ _ _ _ _ _ _ _ _ _ _ _ _ _ _ _ _ _<br/><br/>self = &lt;selenium.webdriver.remote.errorhandler.ErrorHandler object at 0x000001C747D6B950&gt;<br/>response = {&#x27;status&#x27;: 400, &#x27;value&#x27;: &#x27;{&quot;value&quot;:{&quot;error&quot;:&quot;element click intercepted&quot;,&quot;message&quot;:&quot;element click intercepted: Element ...\n\\tRtlGetAppContainerNamedObjectPath [0x76FC7BBE+286]\\n\\tRtlGetAppContainerNamedObjectPath [0x76FC7B8E+238]\\n&quot;}}&#x27;}<br/><br/>    def check_response(self, response: Dict[str, Any]) -&gt; None:<br/>        &quot;&quot;&quot;<br/>        Checks that a JSON response from the WebDriver does not have an error.<br/>    <br/>        :Args:<br/>         - response - The JSON response from the WebDriver server as a dictionary<br/>           object.<br/>    <br/>        :Raises: If the response contains an error message.<br/>        &quot;&quot;&quot;<br/>        status = response.get(&quot;status&quot;, None)<br/>        if not status or status == ErrorCode.SUCCESS:<br/>            return<br/>        value = None<br/>        message = response.get(&quot;message&quot;, &quot;&quot;)<br/>        screen: str = response.get(&quot;screen&quot;, &quot;&quot;)<br/>        stacktrace = None<br/>        if isinstance(status, int):<br/>            value_json = response.get(&quot;value&quot;, None)<br/>            if value_json and isinstance(value_json, str):<br/>                import json<br/>    <br/>                try:<br/>                    value = json.loads(value_json)<br/>                    if len(value.keys()) == 1:<br/>                        value = value[&quot;value&quot;]<br/>                    status = value.get(&quot;error&quot;, None)<br/>                    if not status:<br/>                        status = value.get(&quot;status&quot;, ErrorCode.UNKNOWN_ERROR)<br/>                        message = value.get(&quot;value&quot;) or value.get(&quot;message&quot;)<br/>                        if not isinstance(message, str):<br/>                            value = message<br/>                            message = message.get(&quot;message&quot;)<br/>                    else:<br/>                        message = value.get(&quot;message&quot;, None)<br/>                except ValueError:<br/>                    pass<br/>    <br/>        exception_class: Type[WebDriverException]<br/>        if status in ErrorCode.NO_SUCH_ELEMENT:<br/>            exception_class = NoSuchElementException<br/>        elif status in ErrorCode.NO_SUCH_FRAME:<br/>            exception_class = NoSuchFrameException<br/>        elif status in ErrorCode.NO_SUCH_SHADOW_ROOT:<br/>            exception_class = NoSuchShadowRootException<br/>        elif status in ErrorCode.NO_SUCH_WINDOW:<br/>            exception_class = NoSuchWindowException<br/>        elif status in ErrorCode.STALE_ELEMENT_REFERENCE:<br/>            exception_class = StaleElementReferenceException<br/>        elif status in ErrorCode.ELEMENT_NOT_VISIBLE:<br/>            exception_class = ElementNotVisibleException<br/>        elif status in ErrorCode.INVALID_ELEMENT_STATE:<br/>            exception_class = InvalidElementStateException<br/>        elif (<br/>            status in ErrorCode.INVALID_SELECTOR<br/>            or status in ErrorCode.INVALID_XPATH_SELECTOR<br/>            or status in ErrorCode.INVALID_XPATH_SELECTOR_RETURN_TYPER<br/>        ):<br/>            exception_class = InvalidSelectorException<br/>        elif status in ErrorCode.ELEMENT_IS_NOT_SELECTABLE:<br/>            exception_class = ElementNotSelectableException<br/>        elif status in ErrorCode.ELEMENT_NOT_INTERACTABLE:<br/>            exception_class = ElementNotInteractableException<br/>        elif status in ErrorCode.INVALID_COOKIE_DOMAIN:<br/>            exception_class = InvalidCookieDomainException<br/>        elif status in ErrorCode.UNABLE_TO_SET_COOKIE:<br/>            exception_class = UnableToSetCookieException<br/>        elif status in ErrorCode.TIMEOUT:<br/>            exception_class = TimeoutException<br/>        elif status in ErrorCode.SCRIPT_TIMEOUT:<br/>            exception_class = TimeoutException<br/>        elif status in ErrorCode.UNKNOWN_ERROR:<br/>            exception_class = WebDriverException<br/>        elif status in ErrorCode.UNEXPECTED_ALERT_OPEN:<br/>            exception_class = UnexpectedAlertPresentException<br/>        elif status in ErrorCode.NO_ALERT_OPEN:<br/>            exception_class = NoAlertPresentException<br/>        elif status in ErrorCode.IME_NOT_AVAILABLE:<br/>            exception_class = ImeNotAvailableException<br/>        elif status in ErrorCode.IME_ENGINE_ACTIVATION_FAILED:<br/>            exception_class = ImeActivationFailedException<br/>        elif status in ErrorCode.MOVE_TARGET_OUT_OF_BOUNDS:<br/>            exception_class = MoveTargetOutOfBoundsException<br/>        elif status in ErrorCode.JAVASCRIPT_ERROR:<br/>            exception_class = JavascriptException<br/>        elif status in ErrorCode.SESSION_NOT_CREATED:<br/>            exception_class = SessionNotCreatedException<br/>        elif status in ErrorCode.INVALID_ARGUMENT:<br/>            exception_class = InvalidArgumentException<br/>        elif status in ErrorCode.NO_SUCH_COOKIE:<br/>            exception_class = NoSuchCookieException<br/>        elif status in ErrorCode.UNABLE_TO_CAPTURE_SCREEN:<br/>            exception_class = ScreenshotException<br/>        elif status in ErrorCode.ELEMENT_CLICK_INTERCEPTED:<br/>            exception_class = ElementClickInterceptedException<br/>        elif status in ErrorCode.INSECURE_CERTIFICATE:<br/>            exception_class = InsecureCertificateException<br/>        elif status in ErrorCode.INVALID_COORDINATES:<br/>            exception_class = InvalidCoordinatesException<br/>        elif status in ErrorCode.INVALID_SESSION_ID:<br/>            exception_class = InvalidSessionIdException<br/>        elif status in ErrorCode.UNKNOWN_METHOD:<br/>            exception_class = UnknownMethodException<br/>        else:<br/>            exception_class = WebDriverException<br/>        if not value:<br/>            value = response[&quot;value&quot;]<br/>        if isinstance(value, str):<br/>            raise exception_class(value)<br/>        if message == &quot;&quot; and &quot;message&quot; in value:<br/>            message = value[&quot;message&quot;]<br/>    <br/>        screen = None  # type: ignore[assignment]<br/>        if &quot;screen&quot; in value:<br/>            screen = value[&quot;screen&quot;]<br/>    <br/>        stacktrace = None<br/>        st_value = value.get(&quot;stackTrace&quot;) or value.get(&quot;stacktrace&quot;)<br/>        if st_value:<br/>            if isinstance(st_value, str):<br/>                stacktrace = st_value.split(&quot;\n&quot;)<br/>            else:<br/>                stacktrace = []<br/>                try:<br/>                    for frame in st_value:<br/>                        line = frame.get(&quot;lineNumber&quot;, &quot;&quot;)<br/>                        file = frame.get(&quot;fileName&quot;, &quot;&lt;anonymous&gt;&quot;)<br/>                        if line:<br/>                            file = f&quot;{file}:{line}&quot;<br/>                        meth = frame.get(&quot;methodName&quot;, &quot;&lt;anonymous&gt;&quot;)<br/>                        if &quot;className&quot; in frame:<br/>                            meth = &quot;{}.{}&quot;.format(frame[&quot;className&quot;], meth)<br/>                        msg = &quot;    at %s (%s)&quot;<br/>                        msg = msg % (meth, file)<br/>                        stacktrace.append(msg)<br/>                except TypeError:<br/>                    pass<br/>        if exception_class == UnexpectedAlertPresentException:<br/>            alert_text = None<br/>            if &quot;data&quot; in value:<br/>                alert_text = value[&quot;data&quot;].get(&quot;text&quot;)<br/>            elif &quot;alert&quot; in value:<br/>                alert_text = value[&quot;alert&quot;].get(&quot;text&quot;)<br/>            raise exception_class(message, screen, stacktrace, alert_text)  # type: ignore[call-arg]  # mypy is not smart enough here<br/>&gt;       raise exception_class(message, screen, stacktrace)<br/><span class="error">E       selenium.common.exceptions.ElementClickInterceptedException: Message: element click intercepted: Element &lt;mat-select role=&quot;combobox&quot; aria-autocomplete=&quot;none&quot; aria-haspopup=&quot;true&quot; class=&quot;mat-select ng-tns-c112-14 mat-select-empty ng-untouched ng-pristine ng-valid ng-star-inserted&quot; ng-reflect-placeholder=&quot;Filter&quot; ng-reflect-id=&quot;form_select_&quot; ng-reflect-required=&quot;false&quot; aria-labelledby=&quot;mat-form-field-label-11 mat-select-value-7&quot; id=&quot;form_select_&quot; tabindex=&quot;0&quot; aria-expanded=&quot;true&quot; aria-required=&quot;false&quot; aria-disabled=&quot;false&quot; aria-invalid=&quot;false&quot; aria-controls=&quot;form_select_-panel&quot; aria-activedescendant=&quot;option_All&quot;&gt;...&lt;/mat-select&gt; is not clickable at point (557, 151). Other element would receive the click: &lt;span class=&quot;mat-option-text&quot;&gt;...&lt;/span&gt;</span><br/><span class="error">E         (Session info: chrome=110.0.5481.177)</span><br/><span class="error">E       Stacktrace:</span><br/><span class="error">E       Backtrace:</span><br/><span class="error">E       	(No symbol) [0x008337D3]</span><br/><span class="error">E       	(No symbol) [0x007C8B81]</span><br/><span class="error">E       	(No symbol) [0x006CB36D]</span><br/><span class="error">E       	(No symbol) [0x00704E3B]</span><br/><span class="error">E       	(No symbol) [0x007026DB]</span><br/><span class="error">E       	(No symbol) [0x006FFD0B]</span><br/><span class="error">E       	(No symbol) [0x006FE4D8]</span><br/><span class="error">E       	(No symbol) [0x006F3253]</span><br/><span class="error">E       	(No symbol) [0x0071B41C]</span><br/><span class="error">E       	(No symbol) [0x006F2B96]</span><br/><span class="error">E       	(No symbol) [0x0071B774]</span><br/><span class="error">E       	(No symbol) [0x00731215]</span><br/><span class="error">E       	(No symbol) [0x0071B216]</span><br/><span class="error">E       	(No symbol) [0x006F0D97]</span><br/><span class="error">E       	(No symbol) [0x006F253D]</span><br/><span class="error">E       	GetHandleVerifier [0x00AAABF2+2510930]</span><br/><span class="error">E       	GetHandleVerifier [0x00AD8EC1+2700065]</span><br/><span class="error">E       	GetHandleVerifier [0x00ADC86C+2714828]</span><br/><span class="error">E       	GetHandleVerifier [0x008E3480+645344]</span><br/><span class="error">E       	(No symbol) [0x007D0FD2]</span><br/><span class="error">E       	(No symbol) [0x007D6C68]</span><br/><span class="error">E       	(No symbol) [0x007D6D4B]</span><br/><span class="error">E       	(No symbol) [0x007E0D6B]</span><br/><span class="error">E       	BaseThreadInitThunk [0x753C00F9+25]</span><br/><span class="error">E       	RtlGetAppContainerNamedObjectPath [0x76FC7BBE+286]</span><br/><span class="error">E       	RtlGetAppContainerNamedObjectPath [0x76FC7B8E+238]</span><br/><br/>..\..\..\AppData\Local\Programs\Python\Python311\Lib\site-packages\selenium\webdriver\remote\errorhandler.py:249: ElementClickInterceptedException<br/></div></td></tr></tbody>
      <tbody class="failed results-table-row">
        <tr>
          <td class="col-result">Failed</td>
          <td class="col-name">test_UserPage.py::TestUserPage::test_UserPage[getData2]</td>
          <td class="col-duration">1.11</td>
          <td class="col-links"></td></tr>
        <tr>
          <td class="extra" colspan="4">
            <div><div><img src="C:/Users/rajku-sa/PycharmProjects/SalesChatAutomation/Screenshots/test_UserPage.py_TestUserPage_test_UserPage[getData2].png" alt="screenshot" style="width:304px;height:228px;" onclick="window.open(this.src)" align="right"/></div></div>
            <div class="log">self = &lt;tests.test_UserPage.TestUserPage object at 0x000001C74715D150&gt;<br/>getData = {&#x27;Filter&#x27;: &#x27;3&#x27;, &#x27;Search_Name&#x27;: &#x27;User&#x27;}<br/><br/>    def test_UserPage(self, getData):<br/>        UserPageObject = UserPage(self.driver)<br/>    <br/>        if not TestUserPage.logged_in:<br/>            loginPageObject = LoginPage(self.driver)<br/>            loginPageObject.loginPageUsername().send_keys(&quot;sandeep2tej@gmail.com&quot;)  # obj.functionName.action<br/>            loginPageObject.loginPagePassword().send_keys(&quot;P@ss1234&quot;)<br/>            loginPageObject.loginPageSubmit().click()<br/>            TestUserPage.logged_in = True<br/>            UserPageObject.UserPage_Button().click()  # Users button<br/>    <br/>        # 500 users<br/>        if not TestUserPage.i:<br/>            UserPageObject.UserPage_Rows_Dropdown().click()  # Rows_click<br/>            UserPageObject.UserPage_500_Options().click()  # 500 options<br/>            TestUserPage.i = True<br/>    <br/>        # Visitor/lead/All<br/>&gt;       UserPageObject.UserPage_LV_dropdown().click()  # L/V dropdown_click<br/><br/>test_UserPage.py:35: <br/>_ _ _ _ _ _ _ _ _ _ _ _ _ _ _ _ _ _ _ _ _ _ _ _ _ _ _ _ _ _ _ _ _ _ _ _ _ _ _ _<br/>..\..\..\AppData\Local\Programs\Python\Python311\Lib\site-packages\selenium\webdriver\remote\webelement.py:93: in click<br/>    self._execute(Command.CLICK_ELEMENT)<br/>..\..\..\AppData\Local\Programs\Python\Python311\Lib\site-packages\selenium\webdriver\remote\webelement.py:410: in _execute<br/>    return self._parent.execute(command, params)<br/>..\..\..\AppData\Local\Programs\Python\Python311\Lib\site-packages\selenium\webdriver\remote\webdriver.py:444: in execute<br/>    self.error_handler.check_response(response)<br/>_ _ _ _ _ _ _ _ _ _ _ _ _ _ _ _ _ _ _ _ _ _ _ _ _ _ _ _ _ _ _ _ _ _ _ _ _ _ _ _<br/><br/>self = &lt;selenium.webdriver.remote.errorhandler.ErrorHandler object at 0x000001C747D6B950&gt;<br/>response = {&#x27;status&#x27;: 400, &#x27;value&#x27;: &#x27;{&quot;value&quot;:{&quot;error&quot;:&quot;element click intercepted&quot;,&quot;message&quot;:&quot;element click intercepted: Element ...\n\\tRtlGetAppContainerNamedObjectPath [0x76FC7BBE+286]\\n\\tRtlGetAppContainerNamedObjectPath [0x76FC7B8E+238]\\n&quot;}}&#x27;}<br/><br/>    def check_response(self, response: Dict[str, Any]) -&gt; None:<br/>        &quot;&quot;&quot;<br/>        Checks that a JSON response from the WebDriver does not have an error.<br/>    <br/>        :Args:<br/>         - response - The JSON response from the WebDriver server as a dictionary<br/>           object.<br/>    <br/>        :Raises: If the response contains an error message.<br/>        &quot;&quot;&quot;<br/>        status = response.get(&quot;status&quot;, None)<br/>        if not status or status == ErrorCode.SUCCESS:<br/>            return<br/>        value = None<br/>        message = response.get(&quot;message&quot;, &quot;&quot;)<br/>        screen: str = response.get(&quot;screen&quot;, &quot;&quot;)<br/>        stacktrace = None<br/>        if isinstance(status, int):<br/>            value_json = response.get(&quot;value&quot;, None)<br/>            if value_json and isinstance(value_json, str):<br/>                import json<br/>    <br/>                try:<br/>                    value = json.loads(value_json)<br/>                    if len(value.keys()) == 1:<br/>                        value = value[&quot;value&quot;]<br/>                    status = value.get(&quot;error&quot;, None)<br/>                    if not status:<br/>                        status = value.get(&quot;status&quot;, ErrorCode.UNKNOWN_ERROR)<br/>                        message = value.get(&quot;value&quot;) or value.get(&quot;message&quot;)<br/>                        if not isinstance(message, str):<br/>                            value = message<br/>                            message = message.get(&quot;message&quot;)<br/>                    else:<br/>                        message = value.get(&quot;message&quot;, None)<br/>                except ValueError:<br/>                    pass<br/>    <br/>        exception_class: Type[WebDriverException]<br/>        if status in ErrorCode.NO_SUCH_ELEMENT:<br/>            exception_class = NoSuchElementException<br/>        elif status in ErrorCode.NO_SUCH_FRAME:<br/>            exception_class = NoSuchFrameException<br/>        elif status in ErrorCode.NO_SUCH_SHADOW_ROOT:<br/>            exception_class = NoSuchShadowRootException<br/>        elif status in ErrorCode.NO_SUCH_WINDOW:<br/>            exception_class = NoSuchWindowException<br/>        elif status in ErrorCode.STALE_ELEMENT_REFERENCE:<br/>            exception_class = StaleElementReferenceException<br/>        elif status in ErrorCode.ELEMENT_NOT_VISIBLE:<br/>            exception_class = ElementNotVisibleException<br/>        elif status in ErrorCode.INVALID_ELEMENT_STATE:<br/>            exception_class = InvalidElementStateException<br/>        elif (<br/>            status in ErrorCode.INVALID_SELECTOR<br/>            or status in ErrorCode.INVALID_XPATH_SELECTOR<br/>            or status in ErrorCode.INVALID_XPATH_SELECTOR_RETURN_TYPER<br/>        ):<br/>            exception_class = InvalidSelectorException<br/>        elif status in ErrorCode.ELEMENT_IS_NOT_SELECTABLE:<br/>            exception_class = ElementNotSelectableException<br/>        elif status in ErrorCode.ELEMENT_NOT_INTERACTABLE:<br/>            exception_class = ElementNotInteractableException<br/>        elif status in ErrorCode.INVALID_COOKIE_DOMAIN:<br/>            exception_class = InvalidCookieDomainException<br/>        elif status in ErrorCode.UNABLE_TO_SET_COOKIE:<br/>            exception_class = UnableToSetCookieException<br/>        elif status in ErrorCode.TIMEOUT:<br/>            exception_class = TimeoutException<br/>        elif status in ErrorCode.SCRIPT_TIMEOUT:<br/>            exception_class = TimeoutException<br/>        elif status in ErrorCode.UNKNOWN_ERROR:<br/>            exception_class = WebDriverException<br/>        elif status in ErrorCode.UNEXPECTED_ALERT_OPEN:<br/>            exception_class = UnexpectedAlertPresentException<br/>        elif status in ErrorCode.NO_ALERT_OPEN:<br/>            exception_class = NoAlertPresentException<br/>        elif status in ErrorCode.IME_NOT_AVAILABLE:<br/>            exception_class = ImeNotAvailableException<br/>        elif status in ErrorCode.IME_ENGINE_ACTIVATION_FAILED:<br/>            exception_class = ImeActivationFailedException<br/>        elif status in ErrorCode.MOVE_TARGET_OUT_OF_BOUNDS:<br/>            exception_class = MoveTargetOutOfBoundsException<br/>        elif status in ErrorCode.JAVASCRIPT_ERROR:<br/>            exception_class = JavascriptException<br/>        elif status in ErrorCode.SESSION_NOT_CREATED:<br/>            exception_class = SessionNotCreatedException<br/>        elif status in ErrorCode.INVALID_ARGUMENT:<br/>            exception_class = InvalidArgumentException<br/>        elif status in ErrorCode.NO_SUCH_COOKIE:<br/>            exception_class = NoSuchCookieException<br/>        elif status in ErrorCode.UNABLE_TO_CAPTURE_SCREEN:<br/>            exception_class = ScreenshotException<br/>        elif status in ErrorCode.ELEMENT_CLICK_INTERCEPTED:<br/>            exception_class = ElementClickInterceptedException<br/>        elif status in ErrorCode.INSECURE_CERTIFICATE:<br/>            exception_class = InsecureCertificateException<br/>        elif status in ErrorCode.INVALID_COORDINATES:<br/>            exception_class = InvalidCoordinatesException<br/>        elif status in ErrorCode.INVALID_SESSION_ID:<br/>            exception_class = InvalidSessionIdException<br/>        elif status in ErrorCode.UNKNOWN_METHOD:<br/>            exception_class = UnknownMethodException<br/>        else:<br/>            exception_class = WebDriverException<br/>        if not value:<br/>            value = response[&quot;value&quot;]<br/>        if isinstance(value, str):<br/>            raise exception_class(value)<br/>        if message == &quot;&quot; and &quot;message&quot; in value:<br/>            message = value[&quot;message&quot;]<br/>    <br/>        screen = None  # type: ignore[assignment]<br/>        if &quot;screen&quot; in value:<br/>            screen = value[&quot;screen&quot;]<br/>    <br/>        stacktrace = None<br/>        st_value = value.get(&quot;stackTrace&quot;) or value.get(&quot;stacktrace&quot;)<br/>        if st_value:<br/>            if isinstance(st_value, str):<br/>                stacktrace = st_value.split(&quot;\n&quot;)<br/>            else:<br/>                stacktrace = []<br/>                try:<br/>                    for frame in st_value:<br/>                        line = frame.get(&quot;lineNumber&quot;, &quot;&quot;)<br/>                        file = frame.get(&quot;fileName&quot;, &quot;&lt;anonymous&gt;&quot;)<br/>                        if line:<br/>                            file = f&quot;{file}:{line}&quot;<br/>                        meth = frame.get(&quot;methodName&quot;, &quot;&lt;anonymous&gt;&quot;)<br/>                        if &quot;className&quot; in frame:<br/>                            meth = &quot;{}.{}&quot;.format(frame[&quot;className&quot;], meth)<br/>                        msg = &quot;    at %s (%s)&quot;<br/>                        msg = msg % (meth, file)<br/>                        stacktrace.append(msg)<br/>                except TypeError:<br/>                    pass<br/>        if exception_class == UnexpectedAlertPresentException:<br/>            alert_text = None<br/>            if &quot;data&quot; in value:<br/>                alert_text = value[&quot;data&quot;].get(&quot;text&quot;)<br/>            elif &quot;alert&quot; in value:<br/>                alert_text = value[&quot;alert&quot;].get(&quot;text&quot;)<br/>            raise exception_class(message, screen, stacktrace, alert_text)  # type: ignore[call-arg]  # mypy is not smart enough here<br/>&gt;       raise exception_class(message, screen, stacktrace)<br/><span class="error">E       selenium.common.exceptions.ElementClickInterceptedException: Message: element click intercepted: Element &lt;mat-select role=&quot;combobox&quot; aria-autocomplete=&quot;none&quot; aria-haspopup=&quot;true&quot; class=&quot;mat-select ng-tns-c112-14 mat-select-empty ng-untouched ng-pristine ng-valid ng-star-inserted&quot; ng-reflect-placeholder=&quot;Filter&quot; ng-reflect-id=&quot;form_select_&quot; ng-reflect-required=&quot;false&quot; aria-labelledby=&quot;mat-form-field-label-11 mat-select-value-7&quot; id=&quot;form_select_&quot; tabindex=&quot;0&quot; aria-expanded=&quot;true&quot; aria-required=&quot;false&quot; aria-disabled=&quot;false&quot; aria-invalid=&quot;false&quot; aria-controls=&quot;form_select_-panel&quot; aria-activedescendant=&quot;option_All&quot;&gt;...&lt;/mat-select&gt; is not clickable at point (557, 151). Other element would receive the click: &lt;span class=&quot;mat-option-text&quot;&gt;...&lt;/span&gt;</span><br/><span class="error">E         (Session info: chrome=110.0.5481.177)</span><br/><span class="error">E       Stacktrace:</span><br/><span class="error">E       Backtrace:</span><br/><span class="error">E       	(No symbol) [0x008337D3]</span><br/><span class="error">E       	(No symbol) [0x007C8B81]</span><br/><span class="error">E       	(No symbol) [0x006CB36D]</span><br/><span class="error">E       	(No symbol) [0x00704E3B]</span><br/><span class="error">E       	(No symbol) [0x007026DB]</span><br/><span class="error">E       	(No symbol) [0x006FFD0B]</span><br/><span class="error">E       	(No symbol) [0x006FE4D8]</span><br/><span class="error">E       	(No symbol) [0x006F3253]</span><br/><span class="error">E       	(No symbol) [0x0071B41C]</span><br/><span class="error">E       	(No symbol) [0x006F2B96]</span><br/><span class="error">E       	(No symbol) [0x0071B774]</span><br/><span class="error">E       	(No symbol) [0x00731215]</span><br/><span class="error">E       	(No symbol) [0x0071B216]</span><br/><span class="error">E       	(No symbol) [0x006F0D97]</span><br/><span class="error">E       	(No symbol) [0x006F253D]</span><br/><span class="error">E       	GetHandleVerifier [0x00AAABF2+2510930]</span><br/><span class="error">E       	GetHandleVerifier [0x00AD8EC1+2700065]</span><br/><span class="error">E       	GetHandleVerifier [0x00ADC86C+2714828]</span><br/><span class="error">E       	GetHandleVerifier [0x008E3480+645344]</span><br/><span class="error">E       	(No symbol) [0x007D0FD2]</span><br/><span class="error">E       	(No symbol) [0x007D6C68]</span><br/><span class="error">E       	(No symbol) [0x007D6D4B]</span><br/><span class="error">E       	(No symbol) [0x007E0D6B]</span><br/><span class="error">E       	BaseThreadInitThunk [0x753C00F9+25]</span><br/><span class="error">E       	RtlGetAppContainerNamedObjectPath [0x76FC7BBE+286]</span><br/><span class="error">E       	RtlGetAppContainerNamedObjectPath [0x76FC7B8E+238]</span><br/><br/>..\..\..\AppData\Local\Programs\Python\Python311\Lib\site-packages\selenium\webdriver\remote\errorhandler.py:249: ElementClickInterceptedException<br/></div></td></tr></tbody>
      <tbody class="failed results-table-row">
        <tr>
          <td class="col-result">Failed</td>
          <td class="col-name">test_end2end.py::Testmain::test_end2end</td>
          <td class="col-duration">13.19</td>
          <td class="col-links"></td></tr>
        <tr>
          <td class="extra" colspan="4">
            <div><div><img src="C:/Users/rajku-sa/PycharmProjects/SalesChatAutomation/Screenshots/test_end2end.py_Testmain_test_end2end.png" alt="screenshot" style="width:304px;height:228px;" onclick="window.open(this.src)" align="right"/></div></div>
            <div class="log">self = &lt;tests.test_end2end.Testmain object at 0x000001C74715E690&gt;<br/><br/>    def test_end2end(self):<br/>    <br/>        if not Testmain.logged_in:<br/>            loginPageObject = LoginPage(self.driver)<br/>            loginPageObject.loginPageUsername().send_keys(&quot;sandeep2tej@gmail.com&quot;)  # obj.functionName.action<br/>            loginPageObject.loginPagePassword().send_keys(&quot;P@ss1234&quot;)<br/>            loginPageObject.loginPageSubmit().click()<br/>            self.driver.save_screenshot(&quot;Screenshots/Loginpage.png&quot;)<br/>            Testmain.logged_in = True<br/>    <br/>        log = self.getLogger()<br/>        sleep(3)<br/>    <br/>        for i in range(0, 3):<br/>            self.driver.find_element(By.ID, f&quot;mat-tab-label-0-{i}&quot;).click()  # top vertical navigation 3<br/>            sleep(2)<br/>            # Assigned_to_me_Count<br/>&gt;           self.driver.find_element(By.XPATH, f&quot;//div[@class=&#x27;mat-mdc-select-arrow-wrapper ng-tns-c136-{3 + (i + i)}&#x27;]&quot;).click()    # dropdown Icon<br/><br/>test_end2end.py:29: <br/>_ _ _ _ _ _ _ _ _ _ _ _ _ _ _ _ _ _ _ _ _ _ _ _ _ _ _ _ _ _ _ _ _ _ _ _ _ _ _ _<br/>..\..\..\AppData\Local\Programs\Python\Python311\Lib\site-packages\selenium\webdriver\remote\webdriver.py:861: in find_element<br/>    return self.execute(Command.FIND_ELEMENT, {&quot;using&quot;: by, &quot;value&quot;: value})[&quot;value&quot;]<br/>..\..\..\AppData\Local\Programs\Python\Python311\Lib\site-packages\selenium\webdriver\remote\webdriver.py:444: in execute<br/>    self.error_handler.check_response(response)<br/>_ _ _ _ _ _ _ _ _ _ _ _ _ _ _ _ _ _ _ _ _ _ _ _ _ _ _ _ _ _ _ _ _ _ _ _ _ _ _ _<br/><br/>self = &lt;selenium.webdriver.remote.errorhandler.ErrorHandler object at 0x000001C747E94A50&gt;<br/>response = {&#x27;status&#x27;: 404, &#x27;value&#x27;: &#x27;{&quot;value&quot;:{&quot;error&quot;:&quot;no such element&quot;,&quot;message&quot;:&quot;no such element: Unable to locate element: {\...\n\\tRtlGetAppContainerNamedObjectPath [0x76FC7BBE+286]\\n\\tRtlGetAppContainerNamedObjectPath [0x76FC7B8E+238]\\n&quot;}}&#x27;}<br/><br/>    def check_response(self, response: Dict[str, Any]) -&gt; None:<br/>        &quot;&quot;&quot;<br/>        Checks that a JSON response from the WebDriver does not have an error.<br/>    <br/>        :Args:<br/>         - response - The JSON response from the WebDriver server as a dictionary<br/>           object.<br/>    <br/>        :Raises: If the response contains an error message.<br/>        &quot;&quot;&quot;<br/>        status = response.get(&quot;status&quot;, None)<br/>        if not status or status == ErrorCode.SUCCESS:<br/>            return<br/>        value = None<br/>        message = response.get(&quot;message&quot;, &quot;&quot;)<br/>        screen: str = response.get(&quot;screen&quot;, &quot;&quot;)<br/>        stacktrace = None<br/>        if isinstance(status, int):<br/>            value_json = response.get(&quot;value&quot;, None)<br/>            if value_json and isinstance(value_json, str):<br/>                import json<br/>    <br/>                try:<br/>                    value = json.loads(value_json)<br/>                    if len(value.keys()) == 1:<br/>                        value = value[&quot;value&quot;]<br/>                    status = value.get(&quot;error&quot;, None)<br/>                    if not status:<br/>                        status = value.get(&quot;status&quot;, ErrorCode.UNKNOWN_ERROR)<br/>                        message = value.get(&quot;value&quot;) or value.get(&quot;message&quot;)<br/>                        if not isinstance(message, str):<br/>                            value = message<br/>                            message = message.get(&quot;message&quot;)<br/>                    else:<br/>                        message = value.get(&quot;message&quot;, None)<br/>                except ValueError:<br/>                    pass<br/>    <br/>        exception_class: Type[WebDriverException]<br/>        if status in ErrorCode.NO_SUCH_ELEMENT:<br/>            exception_class = NoSuchElementException<br/>        elif status in ErrorCode.NO_SUCH_FRAME:<br/>            exception_class = NoSuchFrameException<br/>        elif status in ErrorCode.NO_SUCH_SHADOW_ROOT:<br/>            exception_class = NoSuchShadowRootException<br/>        elif status in ErrorCode.NO_SUCH_WINDOW:<br/>            exception_class = NoSuchWindowException<br/>        elif status in ErrorCode.STALE_ELEMENT_REFERENCE:<br/>            exception_class = StaleElementReferenceException<br/>        elif status in ErrorCode.ELEMENT_NOT_VISIBLE:<br/>            exception_class = ElementNotVisibleException<br/>        elif status in ErrorCode.INVALID_ELEMENT_STATE:<br/>            exception_class = InvalidElementStateException<br/>        elif (<br/>            status in ErrorCode.INVALID_SELECTOR<br/>            or status in ErrorCode.INVALID_XPATH_SELECTOR<br/>            or status in ErrorCode.INVALID_XPATH_SELECTOR_RETURN_TYPER<br/>        ):<br/>            exception_class = InvalidSelectorException<br/>        elif status in ErrorCode.ELEMENT_IS_NOT_SELECTABLE:<br/>            exception_class = ElementNotSelectableException<br/>        elif status in ErrorCode.ELEMENT_NOT_INTERACTABLE:<br/>            exception_class = ElementNotInteractableException<br/>        elif status in ErrorCode.INVALID_COOKIE_DOMAIN:<br/>            exception_class = InvalidCookieDomainException<br/>        elif status in ErrorCode.UNABLE_TO_SET_COOKIE:<br/>            exception_class = UnableToSetCookieException<br/>        elif status in ErrorCode.TIMEOUT:<br/>            exception_class = TimeoutException<br/>        elif status in ErrorCode.SCRIPT_TIMEOUT:<br/>            exception_class = TimeoutException<br/>        elif status in ErrorCode.UNKNOWN_ERROR:<br/>            exception_class = WebDriverException<br/>        elif status in ErrorCode.UNEXPECTED_ALERT_OPEN:<br/>            exception_class = UnexpectedAlertPresentException<br/>        elif status in ErrorCode.NO_ALERT_OPEN:<br/>            exception_class = NoAlertPresentException<br/>        elif status in ErrorCode.IME_NOT_AVAILABLE:<br/>            exception_class = ImeNotAvailableException<br/>        elif status in ErrorCode.IME_ENGINE_ACTIVATION_FAILED:<br/>            exception_class = ImeActivationFailedException<br/>        elif status in ErrorCode.MOVE_TARGET_OUT_OF_BOUNDS:<br/>            exception_class = MoveTargetOutOfBoundsException<br/>        elif status in ErrorCode.JAVASCRIPT_ERROR:<br/>            exception_class = JavascriptException<br/>        elif status in ErrorCode.SESSION_NOT_CREATED:<br/>            exception_class = SessionNotCreatedException<br/>        elif status in ErrorCode.INVALID_ARGUMENT:<br/>            exception_class = InvalidArgumentException<br/>        elif status in ErrorCode.NO_SUCH_COOKIE:<br/>            exception_class = NoSuchCookieException<br/>        elif status in ErrorCode.UNABLE_TO_CAPTURE_SCREEN:<br/>            exception_class = ScreenshotException<br/>        elif status in ErrorCode.ELEMENT_CLICK_INTERCEPTED:<br/>            exception_class = ElementClickInterceptedException<br/>        elif status in ErrorCode.INSECURE_CERTIFICATE:<br/>            exception_class = InsecureCertificateException<br/>        elif status in ErrorCode.INVALID_COORDINATES:<br/>            exception_class = InvalidCoordinatesException<br/>        elif status in ErrorCode.INVALID_SESSION_ID:<br/>            exception_class = InvalidSessionIdException<br/>        elif status in ErrorCode.UNKNOWN_METHOD:<br/>            exception_class = UnknownMethodException<br/>        else:<br/>            exception_class = WebDriverException<br/>        if not value:<br/>            value = response[&quot;value&quot;]<br/>        if isinstance(value, str):<br/>            raise exception_class(value)<br/>        if message == &quot;&quot; and &quot;message&quot; in value:<br/>            message = value[&quot;message&quot;]<br/>    <br/>        screen = None  # type: ignore[assignment]<br/>        if &quot;screen&quot; in value:<br/>            screen = value[&quot;screen&quot;]<br/>    <br/>        stacktrace = None<br/>        st_value = value.get(&quot;stackTrace&quot;) or value.get(&quot;stacktrace&quot;)<br/>        if st_value:<br/>            if isinstance(st_value, str):<br/>                stacktrace = st_value.split(&quot;\n&quot;)<br/>            else:<br/>                stacktrace = []<br/>                try:<br/>                    for frame in st_value:<br/>                        line = frame.get(&quot;lineNumber&quot;, &quot;&quot;)<br/>                        file = frame.get(&quot;fileName&quot;, &quot;&lt;anonymous&gt;&quot;)<br/>                        if line:<br/>                            file = f&quot;{file}:{line}&quot;<br/>                        meth = frame.get(&quot;methodName&quot;, &quot;&lt;anonymous&gt;&quot;)<br/>                        if &quot;className&quot; in frame:<br/>                            meth = &quot;{}.{}&quot;.format(frame[&quot;className&quot;], meth)<br/>                        msg = &quot;    at %s (%s)&quot;<br/>                        msg = msg % (meth, file)<br/>                        stacktrace.append(msg)<br/>                except TypeError:<br/>                    pass<br/>        if exception_class == UnexpectedAlertPresentException:<br/>            alert_text = None<br/>            if &quot;data&quot; in value:<br/>                alert_text = value[&quot;data&quot;].get(&quot;text&quot;)<br/>            elif &quot;alert&quot; in value:<br/>                alert_text = value[&quot;alert&quot;].get(&quot;text&quot;)<br/>            raise exception_class(message, screen, stacktrace, alert_text)  # type: ignore[call-arg]  # mypy is not smart enough here<br/>&gt;       raise exception_class(message, screen, stacktrace)<br/><span class="error">E       selenium.common.exceptions.NoSuchElementException: Message: no such element: Unable to locate element: {&quot;method&quot;:&quot;xpath&quot;,&quot;selector&quot;:&quot;//div[@class=&#x27;mat-mdc-select-arrow-wrapper ng-tns-c136-3&#x27;]&quot;}</span><br/><span class="error">E         (Session info: chrome=110.0.5481.177)</span><br/><span class="error">E       Stacktrace:</span><br/><span class="error">E       Backtrace:</span><br/><span class="error">E       	(No symbol) [0x008337D3]</span><br/><span class="error">E       	(No symbol) [0x007C8B81]</span><br/><span class="error">E       	(No symbol) [0x006CB36D]</span><br/><span class="error">E       	(No symbol) [0x006FD382]</span><br/><span class="error">E       	(No symbol) [0x006FD4BB]</span><br/><span class="error">E       	(No symbol) [0x00733302]</span><br/><span class="error">E       	(No symbol) [0x0071B464]</span><br/><span class="error">E       	(No symbol) [0x00731215]</span><br/><span class="error">E       	(No symbol) [0x0071B216]</span><br/><span class="error">E       	(No symbol) [0x006F0D97]</span><br/><span class="error">E       	(No symbol) [0x006F253D]</span><br/><span class="error">E       	GetHandleVerifier [0x00AAABF2+2510930]</span><br/><span class="error">E       	GetHandleVerifier [0x00AD8EC1+2700065]</span><br/><span class="error">E       	GetHandleVerifier [0x00ADC86C+2714828]</span><br/><span class="error">E       	GetHandleVerifier [0x008E3480+645344]</span><br/><span class="error">E       	(No symbol) [0x007D0FD2]</span><br/><span class="error">E       	(No symbol) [0x007D6C68]</span><br/><span class="error">E       	(No symbol) [0x007D6D4B]</span><br/><span class="error">E       	(No symbol) [0x007E0D6B]</span><br/><span class="error">E       	BaseThreadInitThunk [0x753C00F9+25]</span><br/><span class="error">E       	RtlGetAppContainerNamedObjectPath [0x76FC7BBE+286]</span><br/><span class="error">E       	RtlGetAppContainerNamedObjectPath [0x76FC7B8E+238]</span><br/><br/>..\..\..\AppData\Local\Programs\Python\Python311\Lib\site-packages\selenium\webdriver\remote\errorhandler.py:249: NoSuchElementException<br/></div></td></tr></tbody>
      <tbody class="failed results-table-row">
        <tr>
          <td class="col-result">Failed</td>
          <td class="col-name">test_myProfilePage.py::TestMyProfile::test_myProfilePage</td>
          <td class="col-duration">11.47</td>
          <td class="col-links"></td></tr>
        <tr>
          <td class="extra" colspan="4">
            <div><div><img src="C:/Users/rajku-sa/PycharmProjects/SalesChatAutomation/Screenshots/test_myProfilePage.py_TestMyProfile_test_myProfilePage.png" alt="screenshot" style="width:304px;height:228px;" onclick="window.open(this.src)" align="right"/></div></div>
            <div class="log">self = &lt;tests.test_myProfilePage.TestMyProfile object at 0x000001C74715FA10&gt;<br/><br/>    def test_myProfilePage(self):<br/>        log = self.getLogger()<br/>        loginPageObject = LoginPage(self.driver)<br/>        loginPageObject.loginPageUsername().send_keys(&quot;sandeep2tej@gmail.com&quot;)  # obj.functionName.action<br/>        loginPageObject.loginPagePassword().send_keys(&quot;P@ss1234&quot;)<br/>        loginPageObject.loginPageSubmit().click()<br/>        sleep(3)<br/>    <br/>        myProfilePageObject = MyProfilePage(self.driver)<br/>        myProfilePageObject.Myprofile_Button_Inbox().click()<br/>    <br/>        myProfilePageObject.Myprofile_Email().clear()<br/>        myProfilePageObject.Myprofile_Email().send_keys(&quot;sandeep2tej@gmail.com&quot;)  # obj.functionName.action<br/>    <br/>        myProfilePageObject.Myprofile_Nickname().clear()<br/>        myProfilePageObject.Myprofile_Nickname().send_keys(&quot;SANDY_1&quot;)<br/>    <br/>        myProfilePageObject.Myprofile_Fullname().clear()<br/>        myProfilePageObject.Myprofile_Fullname().send_keys(&quot;S@ndeep&quot;)<br/>&gt;       myProfilePageObject.Myprofile_Submit().click()<br/><br/>test_myProfilePage.py:33: <br/>_ _ _ _ _ _ _ _ _ _ _ _ _ _ _ _ _ _ _ _ _ _ _ _ _ _ _ _ _ _ _ _ _ _ _ _ _ _ _ _<br/>..\pageObjects\MyProfilePage.py:33: in Myprofile_Submit<br/>    return self.driver.find_element(*MyProfilePage.myprofile_submit)<br/>..\..\..\AppData\Local\Programs\Python\Python311\Lib\site-packages\selenium\webdriver\remote\webdriver.py:861: in find_element<br/>    return self.execute(Command.FIND_ELEMENT, {&quot;using&quot;: by, &quot;value&quot;: value})[&quot;value&quot;]<br/>..\..\..\AppData\Local\Programs\Python\Python311\Lib\site-packages\selenium\webdriver\remote\webdriver.py:444: in execute<br/>    self.error_handler.check_response(response)<br/>_ _ _ _ _ _ _ _ _ _ _ _ _ _ _ _ _ _ _ _ _ _ _ _ _ _ _ _ _ _ _ _ _ _ _ _ _ _ _ _<br/><br/>self = &lt;selenium.webdriver.remote.errorhandler.ErrorHandler object at 0x000001C747F57090&gt;<br/>response = {&#x27;status&#x27;: 404, &#x27;value&#x27;: &#x27;{&quot;value&quot;:{&quot;error&quot;:&quot;no such element&quot;,&quot;message&quot;:&quot;no such element: Unable to locate element: {\...\n\\tRtlGetAppContainerNamedObjectPath [0x76FC7BBE+286]\\n\\tRtlGetAppContainerNamedObjectPath [0x76FC7B8E+238]\\n&quot;}}&#x27;}<br/><br/>    def check_response(self, response: Dict[str, Any]) -&gt; None:<br/>        &quot;&quot;&quot;<br/>        Checks that a JSON response from the WebDriver does not have an error.<br/>    <br/>        :Args:<br/>         - response - The JSON response from the WebDriver server as a dictionary<br/>           object.<br/>    <br/>        :Raises: If the response contains an error message.<br/>        &quot;&quot;&quot;<br/>        status = response.get(&quot;status&quot;, None)<br/>        if not status or status == ErrorCode.SUCCESS:<br/>            return<br/>        value = None<br/>        message = response.get(&quot;message&quot;, &quot;&quot;)<br/>        screen: str = response.get(&quot;screen&quot;, &quot;&quot;)<br/>        stacktrace = None<br/>        if isinstance(status, int):<br/>            value_json = response.get(&quot;value&quot;, None)<br/>            if value_json and isinstance(value_json, str):<br/>                import json<br/>    <br/>                try:<br/>                    value = json.loads(value_json)<br/>                    if len(value.keys()) == 1:<br/>                        value = value[&quot;value&quot;]<br/>                    status = value.get(&quot;error&quot;, None)<br/>                    if not status:<br/>                        status = value.get(&quot;status&quot;, ErrorCode.UNKNOWN_ERROR)<br/>                        message = value.get(&quot;value&quot;) or value.get(&quot;message&quot;)<br/>                        if not isinstance(message, str):<br/>                            value = message<br/>                            message = message.get(&quot;message&quot;)<br/>                    else:<br/>                        message = value.get(&quot;message&quot;, None)<br/>                except ValueError:<br/>                    pass<br/>    <br/>        exception_class: Type[WebDriverException]<br/>        if status in ErrorCode.NO_SUCH_ELEMENT:<br/>            exception_class = NoSuchElementException<br/>        elif status in ErrorCode.NO_SUCH_FRAME:<br/>            exception_class = NoSuchFrameException<br/>        elif status in ErrorCode.NO_SUCH_SHADOW_ROOT:<br/>            exception_class = NoSuchShadowRootException<br/>        elif status in ErrorCode.NO_SUCH_WINDOW:<br/>            exception_class = NoSuchWindowException<br/>        elif status in ErrorCode.STALE_ELEMENT_REFERENCE:<br/>            exception_class = StaleElementReferenceException<br/>        elif status in ErrorCode.ELEMENT_NOT_VISIBLE:<br/>            exception_class = ElementNotVisibleException<br/>        elif status in ErrorCode.INVALID_ELEMENT_STATE:<br/>            exception_class = InvalidElementStateException<br/>        elif (<br/>            status in ErrorCode.INVALID_SELECTOR<br/>            or status in ErrorCode.INVALID_XPATH_SELECTOR<br/>            or status in ErrorCode.INVALID_XPATH_SELECTOR_RETURN_TYPER<br/>        ):<br/>            exception_class = InvalidSelectorException<br/>        elif status in ErrorCode.ELEMENT_IS_NOT_SELECTABLE:<br/>            exception_class = ElementNotSelectableException<br/>        elif status in ErrorCode.ELEMENT_NOT_INTERACTABLE:<br/>            exception_class = ElementNotInteractableException<br/>        elif status in ErrorCode.INVALID_COOKIE_DOMAIN:<br/>            exception_class = InvalidCookieDomainException<br/>        elif status in ErrorCode.UNABLE_TO_SET_COOKIE:<br/>            exception_class = UnableToSetCookieException<br/>        elif status in ErrorCode.TIMEOUT:<br/>            exception_class = TimeoutException<br/>        elif status in ErrorCode.SCRIPT_TIMEOUT:<br/>            exception_class = TimeoutException<br/>        elif status in ErrorCode.UNKNOWN_ERROR:<br/>            exception_class = WebDriverException<br/>        elif status in ErrorCode.UNEXPECTED_ALERT_OPEN:<br/>            exception_class = UnexpectedAlertPresentException<br/>        elif status in ErrorCode.NO_ALERT_OPEN:<br/>            exception_class = NoAlertPresentException<br/>        elif status in ErrorCode.IME_NOT_AVAILABLE:<br/>            exception_class = ImeNotAvailableException<br/>        elif status in ErrorCode.IME_ENGINE_ACTIVATION_FAILED:<br/>            exception_class = ImeActivationFailedException<br/>        elif status in ErrorCode.MOVE_TARGET_OUT_OF_BOUNDS:<br/>            exception_class = MoveTargetOutOfBoundsException<br/>        elif status in ErrorCode.JAVASCRIPT_ERROR:<br/>            exception_class = JavascriptException<br/>        elif status in ErrorCode.SESSION_NOT_CREATED:<br/>            exception_class = SessionNotCreatedException<br/>        elif status in ErrorCode.INVALID_ARGUMENT:<br/>            exception_class = InvalidArgumentException<br/>        elif status in ErrorCode.NO_SUCH_COOKIE:<br/>            exception_class = NoSuchCookieException<br/>        elif status in ErrorCode.UNABLE_TO_CAPTURE_SCREEN:<br/>            exception_class = ScreenshotException<br/>        elif status in ErrorCode.ELEMENT_CLICK_INTERCEPTED:<br/>            exception_class = ElementClickInterceptedException<br/>        elif status in ErrorCode.INSECURE_CERTIFICATE:<br/>            exception_class = InsecureCertificateException<br/>        elif status in ErrorCode.INVALID_COORDINATES:<br/>            exception_class = InvalidCoordinatesException<br/>        elif status in ErrorCode.INVALID_SESSION_ID:<br/>            exception_class = InvalidSessionIdException<br/>        elif status in ErrorCode.UNKNOWN_METHOD:<br/>            exception_class = UnknownMethodException<br/>        else:<br/>            exception_class = WebDriverException<br/>        if not value:<br/>            value = response[&quot;value&quot;]<br/>        if isinstance(value, str):<br/>            raise exception_class(value)<br/>        if message == &quot;&quot; and &quot;message&quot; in value:<br/>            message = value[&quot;message&quot;]<br/>    <br/>        screen = None  # type: ignore[assignment]<br/>        if &quot;screen&quot; in value:<br/>            screen = value[&quot;screen&quot;]<br/>    <br/>        stacktrace = None<br/>        st_value = value.get(&quot;stackTrace&quot;) or value.get(&quot;stacktrace&quot;)<br/>        if st_value:<br/>            if isinstance(st_value, str):<br/>                stacktrace = st_value.split(&quot;\n&quot;)<br/>            else:<br/>                stacktrace = []<br/>                try:<br/>                    for frame in st_value:<br/>                        line = frame.get(&quot;lineNumber&quot;, &quot;&quot;)<br/>                        file = frame.get(&quot;fileName&quot;, &quot;&lt;anonymous&gt;&quot;)<br/>                        if line:<br/>                            file = f&quot;{file}:{line}&quot;<br/>                        meth = frame.get(&quot;methodName&quot;, &quot;&lt;anonymous&gt;&quot;)<br/>                        if &quot;className&quot; in frame:<br/>                            meth = &quot;{}.{}&quot;.format(frame[&quot;className&quot;], meth)<br/>                        msg = &quot;    at %s (%s)&quot;<br/>                        msg = msg % (meth, file)<br/>                        stacktrace.append(msg)<br/>                except TypeError:<br/>                    pass<br/>        if exception_class == UnexpectedAlertPresentException:<br/>            alert_text = None<br/>            if &quot;data&quot; in value:<br/>                alert_text = value[&quot;data&quot;].get(&quot;text&quot;)<br/>            elif &quot;alert&quot; in value:<br/>                alert_text = value[&quot;alert&quot;].get(&quot;text&quot;)<br/>            raise exception_class(message, screen, stacktrace, alert_text)  # type: ignore[call-arg]  # mypy is not smart enough here<br/>&gt;       raise exception_class(message, screen, stacktrace)<br/><span class="error">E       selenium.common.exceptions.NoSuchElementException: Message: no such element: Unable to locate element: {&quot;method&quot;:&quot;xpath&quot;,&quot;selector&quot;:&quot;//button[@class=&#x27;mat-badge mat-mdc-tooltip-trigger mdc-button mdc-button--raised mat-mdc-raised-button mat-accent mat-mdc-button-base mat-badge-above mat-badge-after mat-badge-hidden ng-star-inserted&#x27;]&quot;}</span><br/><span class="error">E         (Session info: chrome=110.0.5481.177)</span><br/><span class="error">E       Stacktrace:</span><br/><span class="error">E       Backtrace:</span><br/><span class="error">E       	(No symbol) [0x008337D3]</span><br/><span class="error">E       	(No symbol) [0x007C8B81]</span><br/><span class="error">E       	(No symbol) [0x006CB36D]</span><br/><span class="error">E       	(No symbol) [0x006FD382]</span><br/><span class="error">E       	(No symbol) [0x006FD4BB]</span><br/><span class="error">E       	(No symbol) [0x00733302]</span><br/><span class="error">E       	(No symbol) [0x0071B464]</span><br/><span class="error">E       	(No symbol) [0x00731215]</span><br/><span class="error">E       	(No symbol) [0x0071B216]</span><br/><span class="error">E       	(No symbol) [0x006F0D97]</span><br/><span class="error">E       	(No symbol) [0x006F253D]</span><br/><span class="error">E       	GetHandleVerifier [0x00AAABF2+2510930]</span><br/><span class="error">E       	GetHandleVerifier [0x00AD8EC1+2700065]</span><br/><span class="error">E       	GetHandleVerifier [0x00ADC86C+2714828]</span><br/><span class="error">E       	GetHandleVerifier [0x008E3480+645344]</span><br/><span class="error">E       	(No symbol) [0x007D0FD2]</span><br/><span class="error">E       	(No symbol) [0x007D6C68]</span><br/><span class="error">E       	(No symbol) [0x007D6D4B]</span><br/><span class="error">E       	(No symbol) [0x007E0D6B]</span><br/><span class="error">E       	BaseThreadInitThunk [0x753C00F9+25]</span><br/><span class="error">E       	RtlGetAppContainerNamedObjectPath [0x76FC7BBE+286]</span><br/><span class="error">E       	RtlGetAppContainerNamedObjectPath [0x76FC7B8E+238]</span><br/><br/>..\..\..\AppData\Local\Programs\Python\Python311\Lib\site-packages\selenium\webdriver\remote\errorhandler.py:249: NoSuchElementException<br/></div></td></tr></tbody></table></body></html>